Configuring OpenGL-2.9.2.0...
Building OpenGL-2.9.2.0...
Preprocessing library OpenGL-2.9.2.0...
[  1 of 117] Compiling Graphics.Rendering.OpenGL.GL.VertexAttributes ( Graphics/Rendering/OpenGL/GL/VertexAttributes.hs, dist/dist-sandbox-53ec95f6/build/Graphics/Rendering/OpenGL/GL/VertexAttributes.o )
[  2 of 117] Compiling Graphics.Rendering.OpenGL.GL.Texturing.Filter ( Graphics/Rendering/OpenGL/GL/Texturing/Filter.hs, dist/dist-sandbox-53ec95f6/build/Graphics/Rendering/OpenGL/GL/Texturing/Filter.o )
[  3 of 117] Compiling Graphics.Rendering.OpenGL.GL.PointParameter ( Graphics/Rendering/OpenGL/GL/PointParameter.hs, dist/dist-sandbox-53ec95f6/build/Graphics/Rendering/OpenGL/GL/PointParameter.o )
[  4 of 117] Compiling Graphics.Rendering.OpenGL.GL.PixelFormat ( Graphics/Rendering/OpenGL/GL/PixelFormat.hs, dist/dist-sandbox-53ec95f6/build/Graphics/Rendering/OpenGL/GL/PixelFormat.o )
[  5 of 117] Compiling Graphics.Rendering.OpenGL.GL.ComparisonFunction ( Graphics/Rendering/OpenGL/GL/ComparisonFunction.hs, dist/dist-sandbox-53ec95f6/build/Graphics/Rendering/OpenGL/GL/ComparisonFunction.o )
[  6 of 117] Compiling Graphics.Rendering.OpenGL.GL.BlendingFactor ( Graphics/Rendering/OpenGL/GL/BlendingFactor.hs, dist/dist-sandbox-53ec95f6/build/Graphics/Rendering/OpenGL/GL/BlendingFactor.o )
[  7 of 117] Compiling Graphics.Rendering.OpenGL.GL.Texturing.PixelInternalFormat ( Graphics/Rendering/OpenGL/GL/Texturing/PixelInternalFormat.hs, dist/dist-sandbox-53ec95f6/build/Graphics/Rendering/OpenGL/GL/Texturing/PixelInternalFormat.o )
[  8 of 117] Compiling Graphics.Rendering.OpenGL.GL.FramebufferObjects.FramebufferTarget ( Graphics/Rendering/OpenGL/GL/FramebufferObjects/FramebufferTarget.hs, dist/dist-sandbox-53ec95f6/build/Graphics/Rendering/OpenGL/GL/FramebufferObjects/FramebufferTarget.o )
[  9 of 117] Compiling Graphics.Rendering.OpenGL.GL.BufferMode ( Graphics/Rendering/OpenGL/GL/BufferMode.hs, dist/dist-sandbox-53ec95f6/build/Graphics/Rendering/OpenGL/GL/BufferMode.o )
[ 10 of 117] Compiling Graphics.Rendering.OpenGL.GL.IOState ( Graphics/Rendering/OpenGL/GL/IOState.hs, dist/dist-sandbox-53ec95f6/build/Graphics/Rendering/OpenGL/GL/IOState.o )

Graphics/Rendering/OpenGL/GL/IOState.hs:32:10: Warning:
    ‘IOState’ is an instance of Monad but not Applicative - this will become an error in GHC 7.10, under the Applicative-Monad Proposal.
[ 11 of 117] Compiling Graphics.Rendering.OpenGL.GL.PolygonMode ( Graphics/Rendering/OpenGL/GL/PolygonMode.hs, dist/dist-sandbox-53ec95f6/build/Graphics/Rendering/OpenGL/GL/PolygonMode.o )
[ 12 of 117] Compiling Graphics.Rendering.OpenGL.GL.DataType ( Graphics/Rendering/OpenGL/GL/DataType.hs, dist/dist-sandbox-53ec95f6/build/Graphics/Rendering/OpenGL/GL/DataType.o )
[ 13 of 117] Compiling Graphics.Rendering.OpenGL.GL.PixelData ( Graphics/Rendering/OpenGL/GL/PixelData.hs, dist/dist-sandbox-53ec95f6/build/Graphics/Rendering/OpenGL/GL/PixelData.o )
[ 14 of 117] Compiling Graphics.Rendering.OpenGL.GL.Texturing.TextureUnit ( Graphics/Rendering/OpenGL/GL/Texturing/TextureUnit.hs, dist/dist-sandbox-53ec95f6/build/Graphics/Rendering/OpenGL/GL/Texturing/TextureUnit.o )
[ 15 of 117] Compiling Graphics.Rendering.OpenGL.GL.Face ( Graphics/Rendering/OpenGL/GL/Face.hs, dist/dist-sandbox-53ec95f6/build/Graphics/Rendering/OpenGL/GL/Face.o )
[ 16 of 117] Compiling Graphics.Rendering.OpenGL.GLU.ErrorsInternal ( Graphics/Rendering/OpenGL/GLU/ErrorsInternal.hs, dist/dist-sandbox-53ec95f6/build/Graphics/Rendering/OpenGL/GLU/ErrorsInternal.o )
[ 17 of 117] Compiling Graphics.Rendering.OpenGL.GL.PeekPoke ( Graphics/Rendering/OpenGL/GL/PeekPoke.hs, dist/dist-sandbox-53ec95f6/build/Graphics/Rendering/OpenGL/GL/PeekPoke.o )
[ 18 of 117] Compiling Graphics.Rendering.OpenGL.GL.FramebufferObjects.FramebufferObjectAttachment ( Graphics/Rendering/OpenGL/GL/FramebufferObjects/FramebufferObjectAttachment.hs, dist/dist-sandbox-53ec95f6/build/Graphics/Rendering/OpenGL/GL/FramebufferObjects/FramebufferObjectAttachment.o )
[ 19 of 117] Compiling Graphics.Rendering.OpenGL.GL.FramebufferObjects.RenderbufferTarget ( Graphics/Rendering/OpenGL/GL/FramebufferObjects/RenderbufferTarget.hs, dist/dist-sandbox-53ec95f6/build/Graphics/Rendering/OpenGL/GL/FramebufferObjects/RenderbufferTarget.o )
[ 20 of 117] Compiling Graphics.Rendering.OpenGL.GL.QueryUtils.PName ( Graphics/Rendering/OpenGL/GL/QueryUtils/PName.hs, dist/dist-sandbox-53ec95f6/build/Graphics/Rendering/OpenGL/GL/QueryUtils/PName.o )
[ 21 of 117] Compiling Graphics.Rendering.OpenGL.GL.QueryUtils.VertexAttrib ( Graphics/Rendering/OpenGL/GL/QueryUtils/VertexAttrib.hs, dist/dist-sandbox-53ec95f6/build/Graphics/Rendering/OpenGL/GL/QueryUtils/VertexAttrib.o )
[ 22 of 117] Compiling Graphics.Rendering.OpenGL.GL.GLboolean ( Graphics/Rendering/OpenGL/GL/GLboolean.hs, dist/dist-sandbox-53ec95f6/build/Graphics/Rendering/OpenGL/GL/GLboolean.o )
[ 23 of 117] Compiling Graphics.Rendering.OpenGL.GL.PixelRectangles.Reset ( Graphics/Rendering/OpenGL/GL/PixelRectangles/Reset.hs, dist/dist-sandbox-53ec95f6/build/Graphics/Rendering/OpenGL/GL/PixelRectangles/Reset.o )
[ 24 of 117] Compiling Graphics.Rendering.OpenGL.GL.PixelRectangles.Sink ( Graphics/Rendering/OpenGL/GL/PixelRectangles/Sink.hs, dist/dist-sandbox-53ec95f6/build/Graphics/Rendering/OpenGL/GL/PixelRectangles/Sink.o )
[ 25 of 117] Compiling Graphics.Rendering.OpenGL.GL.PrimitiveMode ( Graphics/Rendering/OpenGL/GL/PrimitiveMode.hs, dist/dist-sandbox-53ec95f6/build/Graphics/Rendering/OpenGL/GL/PrimitiveMode.o )
[ 26 of 117] Compiling Graphics.Rendering.OpenGL.GL.Exception ( Graphics/Rendering/OpenGL/GL/Exception.hs, dist/dist-sandbox-53ec95f6/build/Graphics/Rendering/OpenGL/GL/Exception.o )
[ 27 of 117] Compiling Graphics.Rendering.OpenGL.GL.EdgeFlag ( Graphics/Rendering/OpenGL/GL/EdgeFlag.hs, dist/dist-sandbox-53ec95f6/build/Graphics/Rendering/OpenGL/GL/EdgeFlag.o )
[ 28 of 117] Compiling Graphics.Rendering.OpenGL.GL.QueryUtils ( Graphics/Rendering/OpenGL/GL/QueryUtils.hs, dist/dist-sandbox-53ec95f6/build/Graphics/Rendering/OpenGL/GL/QueryUtils.o )
[ 29 of 117] Compiling Graphics.Rendering.OpenGL.GL.Domain ( Graphics/Rendering/OpenGL/GL/Domain.hs, dist/dist-sandbox-53ec95f6/build/Graphics/Rendering/OpenGL/GL/Domain.o )
[ 30 of 117] Compiling Graphics.Rendering.OpenGL.GL.SavingState ( Graphics/Rendering/OpenGL/GL/SavingState.hs, dist/dist-sandbox-53ec95f6/build/Graphics/Rendering/OpenGL/GL/SavingState.o )
[ 31 of 117] Compiling Graphics.Rendering.OpenGL.GL.Tensor ( Graphics/Rendering/OpenGL/GL/Tensor.hs, dist/dist-sandbox-53ec95f6/build/Graphics/Rendering/OpenGL/GL/Tensor.o )
[ 32 of 117] Compiling Graphics.Rendering.OpenGL.GL.StateVar ( Graphics/Rendering/OpenGL/GL/StateVar.hs, dist/dist-sandbox-53ec95f6/build/Graphics/Rendering/OpenGL/GL/StateVar.o )
[ 33 of 117] Compiling Graphics.Rendering.OpenGL.GL.StringQueries ( Graphics/Rendering/OpenGL/GL/StringQueries.hs, dist/dist-sandbox-53ec95f6/build/Graphics/Rendering/OpenGL/GL/StringQueries.o )
[ 34 of 117] Compiling Graphics.Rendering.OpenGL.GL.Capability ( Graphics/Rendering/OpenGL/GL/Capability.hs, dist/dist-sandbox-53ec95f6/build/Graphics/Rendering/OpenGL/GL/Capability.o )
[ 35 of 117] Compiling Graphics.Rendering.OpenGL.GL.ByteString ( Graphics/Rendering/OpenGL/GL/ByteString.hs, dist/dist-sandbox-53ec95f6/build/Graphics/Rendering/OpenGL/GL/ByteString.o )
[ 36 of 117] Compiling Graphics.Rendering.OpenGL.GL.RenderMode ( Graphics/Rendering/OpenGL/GL/RenderMode.hs, dist/dist-sandbox-53ec95f6/build/Graphics/Rendering/OpenGL/GL/RenderMode.o )
[ 37 of 117] Compiling Graphics.Rendering.OpenGL.GL.PixelRectangles.PixelStorage ( Graphics/Rendering/OpenGL/GL/PixelRectangles/PixelStorage.hs, dist/dist-sandbox-53ec95f6/build/Graphics/Rendering/OpenGL/GL/PixelRectangles/PixelStorage.o )
[ 38 of 117] Compiling Graphics.Rendering.OpenGL.GL.PixelRectangles.Minmax ( Graphics/Rendering/OpenGL/GL/PixelRectangles/Minmax.hs, dist/dist-sandbox-53ec95f6/build/Graphics/Rendering/OpenGL/GL/PixelRectangles/Minmax.o )
[ 39 of 117] Compiling Graphics.Rendering.OpenGL.GL.Shaders.Limits ( Graphics/Rendering/OpenGL/GL/Shaders/Limits.hs, dist/dist-sandbox-53ec95f6/build/Graphics/Rendering/OpenGL/GL/Shaders/Limits.o )
[ 40 of 117] Compiling Graphics.Rendering.OpenGL.GLU.Initialization ( Graphics/Rendering/OpenGL/GLU/Initialization.hs, dist/dist-sandbox-53ec95f6/build/Graphics/Rendering/OpenGL/GLU/Initialization.o )
[ 41 of 117] Compiling Graphics.Rendering.OpenGL.GLU.Errors ( Graphics/Rendering/OpenGL/GLU/Errors.hs, dist/dist-sandbox-53ec95f6/build/Graphics/Rendering/OpenGL/GLU/Errors.o )
[ 42 of 117] Compiling Graphics.Rendering.OpenGL.GL.Hints ( Graphics/Rendering/OpenGL/GL/Hints.hs, dist/dist-sandbox-53ec95f6/build/Graphics/Rendering/OpenGL/GL/Hints.o )
[ 43 of 117] Compiling Graphics.Rendering.OpenGL.GL.Selection ( Graphics/Rendering/OpenGL/GL/Selection.hs, dist/dist-sandbox-53ec95f6/build/Graphics/Rendering/OpenGL/GL/Selection.o )
[ 44 of 117] Compiling Graphics.Rendering.OpenGL.GL.ColorSum ( Graphics/Rendering/OpenGL/GL/ColorSum.hs, dist/dist-sandbox-53ec95f6/build/Graphics/Rendering/OpenGL/GL/ColorSum.o )
[ 45 of 117] Compiling Graphics.Rendering.OpenGL.GL.LineSegments ( Graphics/Rendering/OpenGL/GL/LineSegments.hs, dist/dist-sandbox-53ec95f6/build/Graphics/Rendering/OpenGL/GL/LineSegments.o )
[ 46 of 117] Compiling Graphics.Rendering.OpenGL.GL.Points ( Graphics/Rendering/OpenGL/GL/Points.hs, dist/dist-sandbox-53ec95f6/build/Graphics/Rendering/OpenGL/GL/Points.o )
[ 47 of 117] Compiling Graphics.Rendering.OpenGL.GL.Antialiasing ( Graphics/Rendering/OpenGL/GL/Antialiasing.hs, dist/dist-sandbox-53ec95f6/build/Graphics/Rendering/OpenGL/GL/Antialiasing.o )
[ 48 of 117] Compiling Graphics.Rendering.OpenGL.GL.CoordTrans ( Graphics/Rendering/OpenGL/GL/CoordTrans.hs, dist/dist-sandbox-53ec95f6/build/Graphics/Rendering/OpenGL/GL/CoordTrans.o )
[ 49 of 117] Compiling Graphics.Rendering.OpenGL.GL.Clipping ( Graphics/Rendering/OpenGL/GL/Clipping.hs, dist/dist-sandbox-53ec95f6/build/Graphics/Rendering/OpenGL/GL/Clipping.o )
[ 50 of 117] Compiling Graphics.Rendering.OpenGL.GL.Bitmaps ( Graphics/Rendering/OpenGL/GL/Bitmaps.hs, dist/dist-sandbox-53ec95f6/build/Graphics/Rendering/OpenGL/GL/Bitmaps.o )
[ 51 of 117] Compiling Graphics.Rendering.OpenGL.GL.ReadCopyPixels ( Graphics/Rendering/OpenGL/GL/ReadCopyPixels.hs, dist/dist-sandbox-53ec95f6/build/Graphics/Rendering/OpenGL/GL/ReadCopyPixels.o )
[ 52 of 117] Compiling Graphics.Rendering.OpenGL.GL.PixelRectangles.Rasterization ( Graphics/Rendering/OpenGL/GL/PixelRectangles/Rasterization.hs, dist/dist-sandbox-53ec95f6/build/Graphics/Rendering/OpenGL/GL/PixelRectangles/Rasterization.o )
[ 53 of 117] Compiling Graphics.Rendering.OpenGL.GLU.Matrix ( Graphics/Rendering/OpenGL/GLU/Matrix.hs, dist/dist-sandbox-53ec95f6/build/Graphics/Rendering/OpenGL/GLU/Matrix.o )
[ 54 of 117] Compiling Graphics.Rendering.OpenGL.GL.VertexSpec ( Graphics/Rendering/OpenGL/GL/VertexSpec.hs, dist/dist-sandbox-53ec95f6/build/Graphics/Rendering/OpenGL/GL/VertexSpec.o )
[ 55 of 117] Compiling Graphics.Rendering.OpenGL.GL.VertexArrays ( Graphics/Rendering/OpenGL/GL/VertexArrays.hs, dist/dist-sandbox-53ec95f6/build/Graphics/Rendering/OpenGL/GL/VertexArrays.o )
[ 56 of 117] Compiling Graphics.Rendering.OpenGL.GL.RasterPos ( Graphics/Rendering/OpenGL/GL/RasterPos.hs, dist/dist-sandbox-53ec95f6/build/Graphics/Rendering/OpenGL/GL/RasterPos.o )
[ 57 of 117] Compiling Graphics.Rendering.OpenGL.GL.Colors ( Graphics/Rendering/OpenGL/GL/Colors.hs, dist/dist-sandbox-53ec95f6/build/Graphics/Rendering/OpenGL/GL/Colors.o )
[ 58 of 117] Compiling Graphics.Rendering.OpenGL.GLU.Quadrics ( Graphics/Rendering/OpenGL/GLU/Quadrics.hs, dist/dist-sandbox-53ec95f6/build/Graphics/Rendering/OpenGL/GLU/Quadrics.o )
[ 59 of 117] Compiling Graphics.Rendering.OpenGL.GL.Fog ( Graphics/Rendering/OpenGL/GL/Fog.hs, dist/dist-sandbox-53ec95f6/build/Graphics/Rendering/OpenGL/GL/Fog.o )
[ 60 of 117] Compiling Graphics.Rendering.OpenGL.GL.Framebuffer ( Graphics/Rendering/OpenGL/GL/Framebuffer.hs, dist/dist-sandbox-53ec95f6/build/Graphics/Rendering/OpenGL/GL/Framebuffer.o )
[ 61 of 117] Compiling Graphics.Rendering.OpenGL.GL.PerFragment ( Graphics/Rendering/OpenGL/GL/PerFragment.hs, dist/dist-sandbox-53ec95f6/build/Graphics/Rendering/OpenGL/GL/PerFragment.o )
[ 62 of 117] Compiling Graphics.Rendering.OpenGL.GL.Feedback ( Graphics/Rendering/OpenGL/GL/Feedback.hs, dist/dist-sandbox-53ec95f6/build/Graphics/Rendering/OpenGL/GL/Feedback.o )
[ 63 of 117] Compiling Graphics.Rendering.OpenGL.GL.ControlPoint ( Graphics/Rendering/OpenGL/GL/ControlPoint.hs, dist/dist-sandbox-53ec95f6/build/Graphics/Rendering/OpenGL/GL/ControlPoint.o )
[ 64 of 117] Compiling Graphics.Rendering.OpenGL.GL.Evaluators ( Graphics/Rendering/OpenGL/GL/Evaluators.hs, dist/dist-sandbox-53ec95f6/build/Graphics/Rendering/OpenGL/GL/Evaluators.o )
[ 65 of 117] Compiling Graphics.Rendering.OpenGL.GL.PixelRectangles.PixelTransfer ( Graphics/Rendering/OpenGL/GL/PixelRectangles/PixelTransfer.hs, dist/dist-sandbox-53ec95f6/build/Graphics/Rendering/OpenGL/GL/PixelRectangles/PixelTransfer.o )
[ 66 of 117] Compiling Graphics.Rendering.OpenGL.GL.PixelRectangles.PixelMap ( Graphics/Rendering/OpenGL/GL/PixelRectangles/PixelMap.hs, dist/dist-sandbox-53ec95f6/build/Graphics/Rendering/OpenGL/GL/PixelRectangles/PixelMap.o )
[ 67 of 117] Compiling Graphics.Rendering.OpenGL.GL.PixelRectangles.ColorTable ( Graphics/Rendering/OpenGL/GL/PixelRectangles/ColorTable.hs, dist/dist-sandbox-53ec95f6/build/Graphics/Rendering/OpenGL/GL/PixelRectangles/ColorTable.o )
[ 68 of 117] Compiling Graphics.Rendering.OpenGL.GL.Texturing.TextureTarget ( Graphics/Rendering/OpenGL/GL/Texturing/TextureTarget.hs, dist/dist-sandbox-53ec95f6/build/Graphics/Rendering/OpenGL/GL/Texturing/TextureTarget.o )
[ 69 of 117] Compiling Graphics.Rendering.OpenGL.GL.Texturing.Application ( Graphics/Rendering/OpenGL/GL/Texturing/Application.hs, dist/dist-sandbox-53ec95f6/build/Graphics/Rendering/OpenGL/GL/Texturing/Application.o )
[ 70 of 117] Compiling Graphics.Rendering.OpenGL.GLU.Mipmapping ( Graphics/Rendering/OpenGL/GLU/Mipmapping.hs, dist/dist-sandbox-53ec95f6/build/Graphics/Rendering/OpenGL/GLU/Mipmapping.o )
[ 71 of 117] Compiling Graphics.Rendering.OpenGL.GL.PixelRectangles.Convolution ( Graphics/Rendering/OpenGL/GL/PixelRectangles/Convolution.hs, dist/dist-sandbox-53ec95f6/build/Graphics/Rendering/OpenGL/GL/PixelRectangles/Convolution.o )
[ 72 of 117] Compiling Graphics.Rendering.OpenGL.GL.PixelRectangles.Histogram ( Graphics/Rendering/OpenGL/GL/PixelRectangles/Histogram.hs, dist/dist-sandbox-53ec95f6/build/Graphics/Rendering/OpenGL/GL/PixelRectangles/Histogram.o )
[ 73 of 117] Compiling Graphics.Rendering.OpenGL.GL.PixelRectangles ( Graphics/Rendering/OpenGL/GL/PixelRectangles.hs, dist/dist-sandbox-53ec95f6/build/Graphics/Rendering/OpenGL/GL/PixelRectangles.o )
[ 74 of 117] Compiling Graphics.Rendering.OpenGL.GL.Polygons ( Graphics/Rendering/OpenGL/GL/Polygons.hs, dist/dist-sandbox-53ec95f6/build/Graphics/Rendering/OpenGL/GL/Polygons.o )
[ 75 of 117] Compiling Graphics.Rendering.OpenGL.GL.Texturing.Specification ( Graphics/Rendering/OpenGL/GL/Texturing/Specification.hs, dist/dist-sandbox-53ec95f6/build/Graphics/Rendering/OpenGL/GL/Texturing/Specification.o )
[ 76 of 117] Compiling Graphics.Rendering.OpenGL.GL.PixellikeObject ( Graphics/Rendering/OpenGL/GL/PixellikeObject.hs, dist/dist-sandbox-53ec95f6/build/Graphics/Rendering/OpenGL/GL/PixellikeObject.o )
[ 77 of 117] Compiling Graphics.Rendering.OpenGL.GL.Texturing.Queries ( Graphics/Rendering/OpenGL/GL/Texturing/Queries.hs, dist/dist-sandbox-53ec95f6/build/Graphics/Rendering/OpenGL/GL/Texturing/Queries.o )
[ 78 of 117] Compiling Graphics.Rendering.OpenGL.GL.Texturing.TexParameter ( Graphics/Rendering/OpenGL/GL/Texturing/TexParameter.hs, dist/dist-sandbox-53ec95f6/build/Graphics/Rendering/OpenGL/GL/Texturing/TexParameter.o )
[ 79 of 117] Compiling Graphics.Rendering.OpenGL.GL.Texturing.Parameters ( Graphics/Rendering/OpenGL/GL/Texturing/Parameters.hs, dist/dist-sandbox-53ec95f6/build/Graphics/Rendering/OpenGL/GL/Texturing/Parameters.o )
[ 80 of 117] Compiling Graphics.Rendering.OpenGL.GL.Texturing.Environments ( Graphics/Rendering/OpenGL/GL/Texturing/Environments.hs, dist/dist-sandbox-53ec95f6/build/Graphics/Rendering/OpenGL/GL/Texturing/Environments.o )
[ 81 of 117] Compiling Graphics.Rendering.OpenGL.GLU.NURBS ( Graphics/Rendering/OpenGL/GLU/NURBS.hs, dist/dist-sandbox-53ec95f6/build/Graphics/Rendering/OpenGL/GLU/NURBS.o )
[ 82 of 117] Compiling Graphics.Rendering.OpenGL.GL.Rectangles ( Graphics/Rendering/OpenGL/GL/Rectangles.hs, dist/dist-sandbox-53ec95f6/build/Graphics/Rendering/OpenGL/GL/Rectangles.o )
[ 83 of 117] Compiling Graphics.Rendering.OpenGL.GL.BeginEnd ( Graphics/Rendering/OpenGL/GL/BeginEnd.hs, dist/dist-sandbox-53ec95f6/build/Graphics/Rendering/OpenGL/GL/BeginEnd.o )
[ 84 of 117] Compiling Graphics.Rendering.OpenGL.GLU.Tessellation ( Graphics/Rendering/OpenGL/GLU/Tessellation.hs, dist/dist-sandbox-53ec95f6/build/Graphics/Rendering/OpenGL/GLU/Tessellation.o )
[ 85 of 117] Compiling Graphics.Rendering.OpenGL.GL.ObjectName ( Graphics/Rendering/OpenGL/GL/ObjectName.hs, dist/dist-sandbox-53ec95f6/build/Graphics/Rendering/OpenGL/GL/ObjectName.o )
[ 86 of 117] Compiling Graphics.Rendering.OpenGL.GL.SyncObjects ( Graphics/Rendering/OpenGL/GL/SyncObjects.hs, dist/dist-sandbox-53ec95f6/build/Graphics/Rendering/OpenGL/GL/SyncObjects.o )
[ 87 of 117] Compiling Graphics.Rendering.OpenGL.GL.VertexArrayObjects ( Graphics/Rendering/OpenGL/GL/VertexArrayObjects.hs, dist/dist-sandbox-53ec95f6/build/Graphics/Rendering/OpenGL/GL/VertexArrayObjects.o )
[ 88 of 117] Compiling Graphics.Rendering.OpenGL.GL.BufferObjects ( Graphics/Rendering/OpenGL/GL/BufferObjects.hs, dist/dist-sandbox-53ec95f6/build/Graphics/Rendering/OpenGL/GL/BufferObjects.o )
[ 89 of 117] Compiling Graphics.Rendering.OpenGL.GL.DisplayLists ( Graphics/Rendering/OpenGL/GL/DisplayLists.hs, dist/dist-sandbox-53ec95f6/build/Graphics/Rendering/OpenGL/GL/DisplayLists.o )
[ 90 of 117] Compiling Graphics.Rendering.OpenGL.GL.QueryObject ( Graphics/Rendering/OpenGL/GL/QueryObject.hs, dist/dist-sandbox-53ec95f6/build/Graphics/Rendering/OpenGL/GL/QueryObject.o )
[ 91 of 117] Compiling Graphics.Rendering.OpenGL.GL.QueryObjects ( Graphics/Rendering/OpenGL/GL/QueryObjects.hs, dist/dist-sandbox-53ec95f6/build/Graphics/Rendering/OpenGL/GL/QueryObjects.o )
[ 92 of 117] Compiling Graphics.Rendering.OpenGL.GL.ConditionalRendering ( Graphics/Rendering/OpenGL/GL/ConditionalRendering.hs, dist/dist-sandbox-53ec95f6/build/Graphics/Rendering/OpenGL/GL/ConditionalRendering.o )
[ 93 of 117] Compiling Graphics.Rendering.OpenGL.GL.FramebufferObjects.RenderbufferObject ( Graphics/Rendering/OpenGL/GL/FramebufferObjects/RenderbufferObject.hs, dist/dist-sandbox-53ec95f6/build/Graphics/Rendering/OpenGL/GL/FramebufferObjects/RenderbufferObject.o )
[ 94 of 117] Compiling Graphics.Rendering.OpenGL.GL.FramebufferObjects.RenderbufferObjects ( Graphics/Rendering/OpenGL/GL/FramebufferObjects/RenderbufferObjects.hs, dist/dist-sandbox-53ec95f6/build/Graphics/Rendering/OpenGL/GL/FramebufferObjects/RenderbufferObjects.o )
[ 95 of 117] Compiling Graphics.Rendering.OpenGL.GL.Texturing.TextureObject ( Graphics/Rendering/OpenGL/GL/Texturing/TextureObject.hs, dist/dist-sandbox-53ec95f6/build/Graphics/Rendering/OpenGL/GL/Texturing/TextureObject.o )
[ 96 of 117] Compiling Graphics.Rendering.OpenGL.GL.FramebufferObjects.Attachments ( Graphics/Rendering/OpenGL/GL/FramebufferObjects/Attachments.hs, dist/dist-sandbox-53ec95f6/build/Graphics/Rendering/OpenGL/GL/FramebufferObjects/Attachments.o )
[ 97 of 117] Compiling Graphics.Rendering.OpenGL.GL.FramebufferObjects.Queries ( Graphics/Rendering/OpenGL/GL/FramebufferObjects/Queries.hs, dist/dist-sandbox-53ec95f6/build/Graphics/Rendering/OpenGL/GL/FramebufferObjects/Queries.o )
[ 98 of 117] Compiling Graphics.Rendering.OpenGL.GL.Texturing.Objects ( Graphics/Rendering/OpenGL/GL/Texturing/Objects.hs, dist/dist-sandbox-53ec95f6/build/Graphics/Rendering/OpenGL/GL/Texturing/Objects.o )
[ 99 of 117] Compiling Graphics.Rendering.OpenGL.GL.Texturing ( Graphics/Rendering/OpenGL/GL/Texturing.hs, dist/dist-sandbox-53ec95f6/build/Graphics/Rendering/OpenGL/GL/Texturing.o )
[100 of 117] Compiling Graphics.Rendering.OpenGL.GL.FramebufferObjects.FramebufferObject ( Graphics/Rendering/OpenGL/GL/FramebufferObjects/FramebufferObject.hs, dist/dist-sandbox-53ec95f6/build/Graphics/Rendering/OpenGL/GL/FramebufferObjects/FramebufferObject.o )
[101 of 117] Compiling Graphics.Rendering.OpenGL.GL.FramebufferObjects.FramebufferObjects ( Graphics/Rendering/OpenGL/GL/FramebufferObjects/FramebufferObjects.hs, dist/dist-sandbox-53ec95f6/build/Graphics/Rendering/OpenGL/GL/FramebufferObjects/FramebufferObjects.o )
[102 of 117] Compiling Graphics.Rendering.OpenGL.GL.FramebufferObjects ( Graphics/Rendering/OpenGL/GL/FramebufferObjects.hs, dist/dist-sandbox-53ec95f6/build/Graphics/Rendering/OpenGL/GL/FramebufferObjects.o )
[103 of 117] Compiling Graphics.Rendering.OpenGL.GL.Shaders.Program ( Graphics/Rendering/OpenGL/GL/Shaders/Program.hs, dist/dist-sandbox-53ec95f6/build/Graphics/Rendering/OpenGL/GL/Shaders/Program.o )
[104 of 117] Compiling Graphics.Rendering.OpenGL.GL.Shaders.ProgramBinaries ( Graphics/Rendering/OpenGL/GL/Shaders/ProgramBinaries.hs, dist/dist-sandbox-53ec95f6/build/Graphics/Rendering/OpenGL/GL/Shaders/ProgramBinaries.o )
[105 of 117] Compiling Graphics.Rendering.OpenGL.GL.Shaders.Variables ( Graphics/Rendering/OpenGL/GL/Shaders/Variables.hs, dist/dist-sandbox-53ec95f6/build/Graphics/Rendering/OpenGL/GL/Shaders/Variables.o )
[106 of 117] Compiling Graphics.Rendering.OpenGL.GL.TransformFeedback ( Graphics/Rendering/OpenGL/GL/TransformFeedback.hs, dist/dist-sandbox-53ec95f6/build/Graphics/Rendering/OpenGL/GL/TransformFeedback.o )
[107 of 117] Compiling Graphics.Rendering.OpenGL.GL.Shaders.Attribs ( Graphics/Rendering/OpenGL/GL/Shaders/Attribs.hs, dist/dist-sandbox-53ec95f6/build/Graphics/Rendering/OpenGL/GL/Shaders/Attribs.o )
[108 of 117] Compiling Graphics.Rendering.OpenGL.GL.Shaders.Shader ( Graphics/Rendering/OpenGL/GL/Shaders/Shader.hs, dist/dist-sandbox-53ec95f6/build/Graphics/Rendering/OpenGL/GL/Shaders/Shader.o )
[109 of 117] Compiling Graphics.Rendering.OpenGL.GL.Shaders.ShaderObjects ( Graphics/Rendering/OpenGL/GL/Shaders/ShaderObjects.hs, dist/dist-sandbox-53ec95f6/build/Graphics/Rendering/OpenGL/GL/Shaders/ShaderObjects.o )
[110 of 117] Compiling Graphics.Rendering.OpenGL.GL.Shaders.ShaderBinaries ( Graphics/Rendering/OpenGL/GL/Shaders/ShaderBinaries.hs, dist/dist-sandbox-53ec95f6/build/Graphics/Rendering/OpenGL/GL/Shaders/ShaderBinaries.o )
[111 of 117] Compiling Graphics.Rendering.OpenGL.GL.Shaders.ProgramObjects ( Graphics/Rendering/OpenGL/GL/Shaders/ProgramObjects.hs, dist/dist-sandbox-53ec95f6/build/Graphics/Rendering/OpenGL/GL/Shaders/ProgramObjects.o )
[112 of 117] Compiling Graphics.Rendering.OpenGL.GL.Shaders.Uniform ( Graphics/Rendering/OpenGL/GL/Shaders/Uniform.hs, dist/dist-sandbox-53ec95f6/build/Graphics/Rendering/OpenGL/GL/Shaders/Uniform.o )
[113 of 117] Compiling Graphics.Rendering.OpenGL.GL.Shaders ( Graphics/Rendering/OpenGL/GL/Shaders.hs, dist/dist-sandbox-53ec95f6/build/Graphics/Rendering/OpenGL/GL/Shaders.o )
[114 of 117] Compiling Graphics.Rendering.OpenGL.GL.FlushFinish ( Graphics/Rendering/OpenGL/GL/FlushFinish.hs, dist/dist-sandbox-53ec95f6/build/Graphics/Rendering/OpenGL/GL/FlushFinish.o )
[115 of 117] Compiling Graphics.Rendering.OpenGL.GLU ( Graphics/Rendering/OpenGL/GLU.hs, dist/dist-sandbox-53ec95f6/build/Graphics/Rendering/OpenGL/GLU.o )
[116 of 117] Compiling Graphics.Rendering.OpenGL.GL ( Graphics/Rendering/OpenGL/GL.hs, dist/dist-sandbox-53ec95f6/build/Graphics/Rendering/OpenGL/GL.o )
[117 of 117] Compiling Graphics.Rendering.OpenGL ( Graphics/Rendering/OpenGL.hs, dist/dist-sandbox-53ec95f6/build/Graphics/Rendering/OpenGL.o )
In-place registering OpenGL-2.9.2.0...
Creating package registration file:
/var/folders/dk/nl6w7czd72lbgkn6vqdybch40000gn/T/pkgConf-OpenGL-2.9.237837.0
Installing library in
/Users/louis/projects/mazes/.cabal-sandbox/lib/x86_64-osx-ghc-7.8.3/OpenGL-2.9.2.0
Registering OpenGL-2.9.2.0...
