Configuring OpenGLRaw-1.5.0.1...
Building OpenGLRaw-1.5.0.1...
Preprocessing library OpenGLRaw-1.5.0.1...
[  1 of 223] Compiling Graphics.Rendering.OpenGL.Raw.GetProcAddress ( src/Graphics/Rendering/OpenGL/Raw/GetProcAddress.hs, dist/dist-sandbox-53ec95f6/build/Graphics/Rendering/OpenGL/Raw/GetProcAddress.o )
[  2 of 223] Compiling Graphics.Rendering.OpenGL.Raw.Extensions ( src/Graphics/Rendering/OpenGL/Raw/Extensions.hs, dist/dist-sandbox-53ec95f6/build/Graphics/Rendering/OpenGL/Raw/Extensions.o )
[  3 of 223] Compiling Graphics.Rendering.OpenGL.Raw.EXT.SceneMarker ( src/Graphics/Rendering/OpenGL/Raw/EXT/SceneMarker.hs, dist/dist-sandbox-53ec95f6/build/Graphics/Rendering/OpenGL/Raw/EXT/SceneMarker.o )
[  4 of 223] Compiling Graphics.Rendering.OpenGL.Raw.Types ( src/Graphics/Rendering/OpenGL/Raw/Types.hs, dist/dist-sandbox-53ec95f6/build/Graphics/Rendering/OpenGL/Raw/Types.o )
[  5 of 223] Compiling Graphics.Rendering.OpenGL.Raw.Core31.Types ( src/Graphics/Rendering/OpenGL/Raw/Core31/Types.hs, dist/dist-sandbox-53ec95f6/build/Graphics/Rendering/OpenGL/Raw/Core31/Types.o )
[  6 of 223] Compiling Graphics.Rendering.OpenGL.Raw.ARB.TextureRectangle ( src/Graphics/Rendering/OpenGL/Raw/ARB/TextureRectangle.hs, dist/dist-sandbox-53ec95f6/build/Graphics/Rendering/OpenGL/Raw/ARB/TextureRectangle.o )
[  7 of 223] Compiling Graphics.Rendering.OpenGL.Raw.ARB.DrawInstanced ( src/Graphics/Rendering/OpenGL/Raw/ARB/DrawInstanced.hs, dist/dist-sandbox-53ec95f6/build/Graphics/Rendering/OpenGL/Raw/ARB/DrawInstanced.o )
[  8 of 223] Compiling Graphics.Rendering.OpenGL.Raw.ARB.TextureBufferObject ( src/Graphics/Rendering/OpenGL/Raw/ARB/TextureBufferObject.hs, dist/dist-sandbox-53ec95f6/build/Graphics/Rendering/OpenGL/Raw/ARB/TextureBufferObject.o )
[  9 of 223] Compiling Graphics.Rendering.OpenGL.Raw.ARB.UniformBufferObject ( src/Graphics/Rendering/OpenGL/Raw/ARB/UniformBufferObject.hs, dist/dist-sandbox-53ec95f6/build/Graphics/Rendering/OpenGL/Raw/ARB/UniformBufferObject.o )
[ 10 of 223] Compiling Graphics.Rendering.OpenGL.Raw.ARB.CopyBuffer ( src/Graphics/Rendering/OpenGL/Raw/ARB/CopyBuffer.hs, dist/dist-sandbox-53ec95f6/build/Graphics/Rendering/OpenGL/Raw/ARB/CopyBuffer.o )
[ 11 of 223] Compiling Graphics.Rendering.OpenGL.Raw.ARB.DepthClamp ( src/Graphics/Rendering/OpenGL/Raw/ARB/DepthClamp.hs, dist/dist-sandbox-53ec95f6/build/Graphics/Rendering/OpenGL/Raw/ARB/DepthClamp.o )
[ 12 of 223] Compiling Graphics.Rendering.OpenGL.Raw.NV.DepthClamp ( src/Graphics/Rendering/OpenGL/Raw/NV/DepthClamp.hs, dist/dist-sandbox-53ec95f6/build/Graphics/Rendering/OpenGL/Raw/NV/DepthClamp.o )
[ 13 of 223] Compiling Graphics.Rendering.OpenGL.Raw.ARB.DrawElementsBaseVertex ( src/Graphics/Rendering/OpenGL/Raw/ARB/DrawElementsBaseVertex.hs, dist/dist-sandbox-53ec95f6/build/Graphics/Rendering/OpenGL/Raw/ARB/DrawElementsBaseVertex.o )
[ 14 of 223] Compiling Graphics.Rendering.OpenGL.Raw.ARB.ProvokingVertex ( src/Graphics/Rendering/OpenGL/Raw/ARB/ProvokingVertex.hs, dist/dist-sandbox-53ec95f6/build/Graphics/Rendering/OpenGL/Raw/ARB/ProvokingVertex.o )
[ 15 of 223] Compiling Graphics.Rendering.OpenGL.Raw.EXT.ProvokingVertex ( src/Graphics/Rendering/OpenGL/Raw/EXT/ProvokingVertex.hs, dist/dist-sandbox-53ec95f6/build/Graphics/Rendering/OpenGL/Raw/EXT/ProvokingVertex.o )
[ 16 of 223] Compiling Graphics.Rendering.OpenGL.Raw.ARB.SeamlessCubeMap ( src/Graphics/Rendering/OpenGL/Raw/ARB/SeamlessCubeMap.hs, dist/dist-sandbox-53ec95f6/build/Graphics/Rendering/OpenGL/Raw/ARB/SeamlessCubeMap.o )
[ 17 of 223] Compiling Graphics.Rendering.OpenGL.Raw.ARB.TextureMultisample ( src/Graphics/Rendering/OpenGL/Raw/ARB/TextureMultisample.hs, dist/dist-sandbox-53ec95f6/build/Graphics/Rendering/OpenGL/Raw/ARB/TextureMultisample.o )
[ 18 of 223] Compiling Graphics.Rendering.OpenGL.Raw.ARB.CreateContextProfile ( src/Graphics/Rendering/OpenGL/Raw/ARB/CreateContextProfile.hs, dist/dist-sandbox-53ec95f6/build/Graphics/Rendering/OpenGL/Raw/ARB/CreateContextProfile.o )
[ 19 of 223] Compiling Graphics.Rendering.OpenGL.Raw.ARB.ShadingLanguageInclude ( src/Graphics/Rendering/OpenGL/Raw/ARB/ShadingLanguageInclude.hs, dist/dist-sandbox-53ec95f6/build/Graphics/Rendering/OpenGL/Raw/ARB/ShadingLanguageInclude.o )
[ 20 of 223] Compiling Graphics.Rendering.OpenGL.Raw.ARB.TextureCompressionBPTC ( src/Graphics/Rendering/OpenGL/Raw/ARB/TextureCompressionBPTC.hs, dist/dist-sandbox-53ec95f6/build/Graphics/Rendering/OpenGL/Raw/ARB/TextureCompressionBPTC.o )
[ 21 of 223] Compiling Graphics.Rendering.OpenGL.Raw.ARB.OcclusionQuery2 ( src/Graphics/Rendering/OpenGL/Raw/ARB/OcclusionQuery2.hs, dist/dist-sandbox-53ec95f6/build/Graphics/Rendering/OpenGL/Raw/ARB/OcclusionQuery2.o )
[ 22 of 223] Compiling Graphics.Rendering.OpenGL.Raw.ARB.SamplerObjects ( src/Graphics/Rendering/OpenGL/Raw/ARB/SamplerObjects.hs, dist/dist-sandbox-53ec95f6/build/Graphics/Rendering/OpenGL/Raw/ARB/SamplerObjects.o )
[ 23 of 223] Compiling Graphics.Rendering.OpenGL.Raw.ARB.TextureRGB10A2UI ( src/Graphics/Rendering/OpenGL/Raw/ARB/TextureRGB10A2UI.hs, dist/dist-sandbox-53ec95f6/build/Graphics/Rendering/OpenGL/Raw/ARB/TextureRGB10A2UI.o )
[ 24 of 223] Compiling Graphics.Rendering.OpenGL.Raw.ARB.TextureSwizzle ( src/Graphics/Rendering/OpenGL/Raw/ARB/TextureSwizzle.hs, dist/dist-sandbox-53ec95f6/build/Graphics/Rendering/OpenGL/Raw/ARB/TextureSwizzle.o )
[ 25 of 223] Compiling Graphics.Rendering.OpenGL.Raw.EXT.TextureSwizzle ( src/Graphics/Rendering/OpenGL/Raw/EXT/TextureSwizzle.hs, dist/dist-sandbox-53ec95f6/build/Graphics/Rendering/OpenGL/Raw/EXT/TextureSwizzle.o )
[ 26 of 223] Compiling Graphics.Rendering.OpenGL.Raw.ARB.DrawIndirect ( src/Graphics/Rendering/OpenGL/Raw/ARB/DrawIndirect.hs, dist/dist-sandbox-53ec95f6/build/Graphics/Rendering/OpenGL/Raw/ARB/DrawIndirect.o )
[ 27 of 223] Compiling Graphics.Rendering.OpenGL.Raw.ARB.GPUShader5 ( src/Graphics/Rendering/OpenGL/Raw/ARB/GPUShader5.hs, dist/dist-sandbox-53ec95f6/build/Graphics/Rendering/OpenGL/Raw/ARB/GPUShader5.o )
[ 28 of 223] Compiling Graphics.Rendering.OpenGL.Raw.ARB.GPUShaderFP64 ( src/Graphics/Rendering/OpenGL/Raw/ARB/GPUShaderFP64.hs, dist/dist-sandbox-53ec95f6/build/Graphics/Rendering/OpenGL/Raw/ARB/GPUShaderFP64.o )
[ 29 of 223] Compiling Graphics.Rendering.OpenGL.Raw.ARB.ShaderSubroutine ( src/Graphics/Rendering/OpenGL/Raw/ARB/ShaderSubroutine.hs, dist/dist-sandbox-53ec95f6/build/Graphics/Rendering/OpenGL/Raw/ARB/ShaderSubroutine.o )
[ 30 of 223] Compiling Graphics.Rendering.OpenGL.Raw.ARB.TransformFeedback2 ( src/Graphics/Rendering/OpenGL/Raw/ARB/TransformFeedback2.hs, dist/dist-sandbox-53ec95f6/build/Graphics/Rendering/OpenGL/Raw/ARB/TransformFeedback2.o )
[ 31 of 223] Compiling Graphics.Rendering.OpenGL.Raw.NV.TransformFeedback2 ( src/Graphics/Rendering/OpenGL/Raw/NV/TransformFeedback2.hs, dist/dist-sandbox-53ec95f6/build/Graphics/Rendering/OpenGL/Raw/NV/TransformFeedback2.o )
[ 32 of 223] Compiling Graphics.Rendering.OpenGL.Raw.ARB.TransformFeedback3 ( src/Graphics/Rendering/OpenGL/Raw/ARB/TransformFeedback3.hs, dist/dist-sandbox-53ec95f6/build/Graphics/Rendering/OpenGL/Raw/ARB/TransformFeedback3.o )
[ 33 of 223] Compiling Graphics.Rendering.OpenGL.Raw.ARB.ES2Compatibility ( src/Graphics/Rendering/OpenGL/Raw/ARB/ES2Compatibility.hs, dist/dist-sandbox-53ec95f6/build/Graphics/Rendering/OpenGL/Raw/ARB/ES2Compatibility.o )
[ 34 of 223] Compiling Graphics.Rendering.OpenGL.Raw.ARB.SeparateShaderObjects ( src/Graphics/Rendering/OpenGL/Raw/ARB/SeparateShaderObjects.hs, dist/dist-sandbox-53ec95f6/build/Graphics/Rendering/OpenGL/Raw/ARB/SeparateShaderObjects.o )
[ 35 of 223] Compiling Graphics.Rendering.OpenGL.Raw.ARB.ShaderAtomicCounters ( src/Graphics/Rendering/OpenGL/Raw/ARB/ShaderAtomicCounters.hs, dist/dist-sandbox-53ec95f6/build/Graphics/Rendering/OpenGL/Raw/ARB/ShaderAtomicCounters.o )
[ 36 of 223] Compiling Graphics.Rendering.OpenGL.Raw.ARB.ComputeShader ( src/Graphics/Rendering/OpenGL/Raw/ARB/ComputeShader.hs, dist/dist-sandbox-53ec95f6/build/Graphics/Rendering/OpenGL/Raw/ARB/ComputeShader.o )
[ 37 of 223] Compiling Graphics.Rendering.OpenGL.Raw.ARB.ES3Compatibility ( src/Graphics/Rendering/OpenGL/Raw/ARB/ES3Compatibility.hs, dist/dist-sandbox-53ec95f6/build/Graphics/Rendering/OpenGL/Raw/ARB/ES3Compatibility.o )
[ 38 of 223] Compiling Graphics.Rendering.OpenGL.Raw.ARB.ShaderStorageBufferObject ( src/Graphics/Rendering/OpenGL/Raw/ARB/ShaderStorageBufferObject.hs, dist/dist-sandbox-53ec95f6/build/Graphics/Rendering/OpenGL/Raw/ARB/ShaderStorageBufferObject.o )
[ 39 of 223] Compiling Graphics.Rendering.OpenGL.Raw.ARB.QueryBufferObject ( src/Graphics/Rendering/OpenGL/Raw/ARB/QueryBufferObject.hs, dist/dist-sandbox-53ec95f6/build/Graphics/Rendering/OpenGL/Raw/ARB/QueryBufferObject.o )
[ 40 of 223] Compiling Graphics.Rendering.OpenGL.Raw.Core31.Functions ( src/Graphics/Rendering/OpenGL/Raw/Core31/Functions.hs, dist/dist-sandbox-53ec95f6/build/Graphics/Rendering/OpenGL/Raw/Core31/Functions.o )
[ 41 of 223] Compiling Graphics.Rendering.OpenGL.Raw.Core31.Tokens ( src/Graphics/Rendering/OpenGL/Raw/Core31/Tokens.hs, dist/dist-sandbox-53ec95f6/build/Graphics/Rendering/OpenGL/Raw/Core31/Tokens.o )
[ 42 of 223] Compiling Graphics.Rendering.OpenGL.Raw.Core31 ( src/Graphics/Rendering/OpenGL/Raw/Core31.hs, dist/dist-sandbox-53ec95f6/build/Graphics/Rendering/OpenGL/Raw/Core31.o )
[ 43 of 223] Compiling Graphics.Rendering.OpenGL.Raw.ARB.Compatibility.Tokens ( src/Graphics/Rendering/OpenGL/Raw/ARB/Compatibility/Tokens.hs, dist/dist-sandbox-53ec95f6/build/Graphics/Rendering/OpenGL/Raw/ARB/Compatibility/Tokens.o )
[ 44 of 223] Compiling Graphics.Rendering.OpenGL.Raw.ARB.BlendFuncExtended ( src/Graphics/Rendering/OpenGL/Raw/ARB/BlendFuncExtended.hs, dist/dist-sandbox-53ec95f6/build/Graphics/Rendering/OpenGL/Raw/ARB/BlendFuncExtended.o )
[ 45 of 223] Compiling Graphics.Rendering.OpenGL.Raw.ARB.Compatibility.Functions ( src/Graphics/Rendering/OpenGL/Raw/ARB/Compatibility/Functions.hs, dist/dist-sandbox-53ec95f6/build/Graphics/Rendering/OpenGL/Raw/ARB/Compatibility/Functions.o )
[ 46 of 223] Compiling Graphics.Rendering.OpenGL.Raw.ARB.Compatibility ( src/Graphics/Rendering/OpenGL/Raw/ARB/Compatibility.hs, dist/dist-sandbox-53ec95f6/build/Graphics/Rendering/OpenGL/Raw/ARB/Compatibility.o )
[ 47 of 223] Compiling Graphics.Rendering.OpenGL.Raw.ARB.TransposeMatrix ( src/Graphics/Rendering/OpenGL/Raw/ARB/TransposeMatrix.hs, dist/dist-sandbox-53ec95f6/build/Graphics/Rendering/OpenGL/Raw/ARB/TransposeMatrix.o )
[ 48 of 223] Compiling Graphics.Rendering.OpenGL.Raw.ARB.TextureEnvAdd ( src/Graphics/Rendering/OpenGL/Raw/ARB/TextureEnvAdd.hs, dist/dist-sandbox-53ec95f6/build/Graphics/Rendering/OpenGL/Raw/ARB/TextureEnvAdd.o )
[ 49 of 223] Compiling Graphics.Rendering.OpenGL.Raw.ARB.TextureEnvDot3 ( src/Graphics/Rendering/OpenGL/Raw/ARB/TextureEnvDot3.hs, dist/dist-sandbox-53ec95f6/build/Graphics/Rendering/OpenGL/Raw/ARB/TextureEnvDot3.o )
[ 50 of 223] Compiling Graphics.Rendering.OpenGL.Raw.ARB.WindowPos ( src/Graphics/Rendering/OpenGL/Raw/ARB/WindowPos.hs, dist/dist-sandbox-53ec95f6/build/Graphics/Rendering/OpenGL/Raw/ARB/WindowPos.o )
[ 51 of 223] Compiling Graphics.Rendering.OpenGL.Raw.ARB.PointSprite ( src/Graphics/Rendering/OpenGL/Raw/ARB/PointSprite.hs, dist/dist-sandbox-53ec95f6/build/Graphics/Rendering/OpenGL/Raw/ARB/PointSprite.o )
[ 52 of 223] Compiling Graphics.Rendering.OpenGL.Raw.EXT.Histogram ( src/Graphics/Rendering/OpenGL/Raw/EXT/Histogram.hs, dist/dist-sandbox-53ec95f6/build/Graphics/Rendering/OpenGL/Raw/EXT/Histogram.o )
[ 53 of 223] Compiling Graphics.Rendering.OpenGL.Raw.EXT.Convolution ( src/Graphics/Rendering/OpenGL/Raw/EXT/Convolution.hs, dist/dist-sandbox-53ec95f6/build/Graphics/Rendering/OpenGL/Raw/EXT/Convolution.o )
[ 54 of 223] Compiling Graphics.Rendering.OpenGL.Raw.EXT.RescaleNormal ( src/Graphics/Rendering/OpenGL/Raw/EXT/RescaleNormal.hs, dist/dist-sandbox-53ec95f6/build/Graphics/Rendering/OpenGL/Raw/EXT/RescaleNormal.o )
[ 55 of 223] Compiling Graphics.Rendering.OpenGL.Raw.EXT.ColorSubtable ( src/Graphics/Rendering/OpenGL/Raw/EXT/ColorSubtable.hs, dist/dist-sandbox-53ec95f6/build/Graphics/Rendering/OpenGL/Raw/EXT/ColorSubtable.o )
[ 56 of 223] Compiling Graphics.Rendering.OpenGL.Raw.EXT.SeparateSpecularColor ( src/Graphics/Rendering/OpenGL/Raw/EXT/SeparateSpecularColor.hs, dist/dist-sandbox-53ec95f6/build/Graphics/Rendering/OpenGL/Raw/EXT/SeparateSpecularColor.o )
[ 57 of 223] Compiling Graphics.Rendering.OpenGL.Raw.EXT.SecondaryColor ( src/Graphics/Rendering/OpenGL/Raw/EXT/SecondaryColor.hs, dist/dist-sandbox-53ec95f6/build/Graphics/Rendering/OpenGL/Raw/EXT/SecondaryColor.o )
[ 58 of 223] Compiling Graphics.Rendering.OpenGL.Raw.EXT.FogCoord ( src/Graphics/Rendering/OpenGL/Raw/EXT/FogCoord.hs, dist/dist-sandbox-53ec95f6/build/Graphics/Rendering/OpenGL/Raw/EXT/FogCoord.o )
[ 59 of 223] Compiling Graphics.Rendering.OpenGL.Raw.EXT.TextureEnvCombine ( src/Graphics/Rendering/OpenGL/Raw/EXT/TextureEnvCombine.hs, dist/dist-sandbox-53ec95f6/build/Graphics/Rendering/OpenGL/Raw/EXT/TextureEnvCombine.o )
[ 60 of 223] Compiling Graphics.Rendering.OpenGL.Raw.EXT.TextureEnvAdd ( src/Graphics/Rendering/OpenGL/Raw/EXT/TextureEnvAdd.hs, dist/dist-sandbox-53ec95f6/build/Graphics/Rendering/OpenGL/Raw/EXT/TextureEnvAdd.o )
[ 61 of 223] Compiling Graphics.Rendering.OpenGL.Raw.EXT.TextureEnvDot3 ( src/Graphics/Rendering/OpenGL/Raw/EXT/TextureEnvDot3.hs, dist/dist-sandbox-53ec95f6/build/Graphics/Rendering/OpenGL/Raw/EXT/TextureEnvDot3.o )
[ 62 of 223] Compiling Graphics.Rendering.OpenGL.Raw.NV.TexgenReflection ( src/Graphics/Rendering/OpenGL/Raw/NV/TexgenReflection.hs, dist/dist-sandbox-53ec95f6/build/Graphics/Rendering/OpenGL/Raw/NV/TexgenReflection.o )
[ 63 of 223] Compiling Graphics.Rendering.OpenGL.Raw.ARB.FramebufferObject ( src/Graphics/Rendering/OpenGL/Raw/ARB/FramebufferObject.hs, dist/dist-sandbox-53ec95f6/build/Graphics/Rendering/OpenGL/Raw/ARB/FramebufferObject.o )
[ 64 of 223] Compiling Graphics.Rendering.OpenGL.Raw.ARB.GeometryShader4 ( src/Graphics/Rendering/OpenGL/Raw/ARB/GeometryShader4.hs, dist/dist-sandbox-53ec95f6/build/Graphics/Rendering/OpenGL/Raw/ARB/GeometryShader4.o )
[ 65 of 223] Compiling Graphics.Rendering.OpenGL.Raw.ARB.GetProgramBinary ( src/Graphics/Rendering/OpenGL/Raw/ARB/GetProgramBinary.hs, dist/dist-sandbox-53ec95f6/build/Graphics/Rendering/OpenGL/Raw/ARB/GetProgramBinary.o )
[ 66 of 223] Compiling Graphics.Rendering.OpenGL.Raw.EXT.GeometryShader4 ( src/Graphics/Rendering/OpenGL/Raw/EXT/GeometryShader4.hs, dist/dist-sandbox-53ec95f6/build/Graphics/Rendering/OpenGL/Raw/EXT/GeometryShader4.o )
[ 67 of 223] Compiling Graphics.Rendering.OpenGL.Raw.ARB.VertexType2101010Rev ( src/Graphics/Rendering/OpenGL/Raw/ARB/VertexType2101010Rev.hs, dist/dist-sandbox-53ec95f6/build/Graphics/Rendering/OpenGL/Raw/ARB/VertexType2101010Rev.o )
[ 68 of 223] Compiling Graphics.Rendering.OpenGL.Raw.ARB.TessellationShader ( src/Graphics/Rendering/OpenGL/Raw/ARB/TessellationShader.hs, dist/dist-sandbox-53ec95f6/build/Graphics/Rendering/OpenGL/Raw/ARB/TessellationShader.o )
[ 69 of 223] Compiling Graphics.Rendering.OpenGL.Raw.ARB.VertexAttrib64Bit ( src/Graphics/Rendering/OpenGL/Raw/ARB/VertexAttrib64Bit.hs, dist/dist-sandbox-53ec95f6/build/Graphics/Rendering/OpenGL/Raw/ARB/VertexAttrib64Bit.o )
[ 70 of 223] Compiling Graphics.Rendering.OpenGL.Raw.EXT.PackedDepthStencil ( src/Graphics/Rendering/OpenGL/Raw/EXT/PackedDepthStencil.hs, dist/dist-sandbox-53ec95f6/build/Graphics/Rendering/OpenGL/Raw/EXT/PackedDepthStencil.o )
[ 71 of 223] Compiling Graphics.Rendering.OpenGL.Raw.EXT.TextureSharedExponent ( src/Graphics/Rendering/OpenGL/Raw/EXT/TextureSharedExponent.hs, dist/dist-sandbox-53ec95f6/build/Graphics/Rendering/OpenGL/Raw/EXT/TextureSharedExponent.o )
[ 72 of 223] Compiling Graphics.Rendering.OpenGL.Raw.EXT.IndexMaterial ( src/Graphics/Rendering/OpenGL/Raw/EXT/IndexMaterial.hs, dist/dist-sandbox-53ec95f6/build/Graphics/Rendering/OpenGL/Raw/EXT/IndexMaterial.o )
[ 73 of 223] Compiling Graphics.Rendering.OpenGL.Raw.EXT.TexturePerturbNormal ( src/Graphics/Rendering/OpenGL/Raw/EXT/TexturePerturbNormal.hs, dist/dist-sandbox-53ec95f6/build/Graphics/Rendering/OpenGL/Raw/EXT/TexturePerturbNormal.o )
[ 74 of 223] Compiling Graphics.Rendering.OpenGL.Raw.EXT.CoordinateFrame ( src/Graphics/Rendering/OpenGL/Raw/EXT/CoordinateFrame.hs, dist/dist-sandbox-53ec95f6/build/Graphics/Rendering/OpenGL/Raw/EXT/CoordinateFrame.o )
[ 75 of 223] Compiling Graphics.Rendering.OpenGL.Raw.EXT.StencilTwoSide ( src/Graphics/Rendering/OpenGL/Raw/EXT/StencilTwoSide.hs, dist/dist-sandbox-53ec95f6/build/Graphics/Rendering/OpenGL/Raw/EXT/StencilTwoSide.o )
[ 76 of 223] Compiling Graphics.Rendering.OpenGL.Raw.EXT.DepthBoundsTest ( src/Graphics/Rendering/OpenGL/Raw/EXT/DepthBoundsTest.hs, dist/dist-sandbox-53ec95f6/build/Graphics/Rendering/OpenGL/Raw/EXT/DepthBoundsTest.o )
[ 77 of 223] Compiling Graphics.Rendering.OpenGL.Raw.EXT.StencilClearTag ( src/Graphics/Rendering/OpenGL/Raw/EXT/StencilClearTag.hs, dist/dist-sandbox-53ec95f6/build/Graphics/Rendering/OpenGL/Raw/EXT/StencilClearTag.o )
[ 78 of 223] Compiling Graphics.Rendering.OpenGL.Raw.EXT.GPUProgramParameters ( src/Graphics/Rendering/OpenGL/Raw/EXT/GPUProgramParameters.hs, dist/dist-sandbox-53ec95f6/build/Graphics/Rendering/OpenGL/Raw/EXT/GPUProgramParameters.o )
[ 79 of 223] Compiling Graphics.Rendering.OpenGL.Raw.EXT.BindableUniform ( src/Graphics/Rendering/OpenGL/Raw/EXT/BindableUniform.hs, dist/dist-sandbox-53ec95f6/build/Graphics/Rendering/OpenGL/Raw/EXT/BindableUniform.o )
[ 80 of 223] Compiling Graphics.Rendering.OpenGL.Raw.EXT.TextureInteger ( src/Graphics/Rendering/OpenGL/Raw/EXT/TextureInteger.hs, dist/dist-sandbox-53ec95f6/build/Graphics/Rendering/OpenGL/Raw/EXT/TextureInteger.o )
[ 81 of 223] Compiling Graphics.Rendering.OpenGL.Raw.NV.VertexArrayRange ( src/Graphics/Rendering/OpenGL/Raw/NV/VertexArrayRange.hs, dist/dist-sandbox-53ec95f6/build/Graphics/Rendering/OpenGL/Raw/NV/VertexArrayRange.o )
[ 82 of 223] Compiling Graphics.Rendering.OpenGL.Raw.NV.RegisterCombiners ( src/Graphics/Rendering/OpenGL/Raw/NV/RegisterCombiners.hs, dist/dist-sandbox-53ec95f6/build/Graphics/Rendering/OpenGL/Raw/NV/RegisterCombiners.o )
[ 83 of 223] Compiling Graphics.Rendering.OpenGL.Raw.NV.Fence ( src/Graphics/Rendering/OpenGL/Raw/NV/Fence.hs, dist/dist-sandbox-53ec95f6/build/Graphics/Rendering/OpenGL/Raw/NV/Fence.o )
[ 84 of 223] Compiling Graphics.Rendering.OpenGL.Raw.NV.RegisterCombiners2 ( src/Graphics/Rendering/OpenGL/Raw/NV/RegisterCombiners2.hs, dist/dist-sandbox-53ec95f6/build/Graphics/Rendering/OpenGL/Raw/NV/RegisterCombiners2.o )
[ 85 of 223] Compiling Graphics.Rendering.OpenGL.Raw.NV.OcclusionQuery ( src/Graphics/Rendering/OpenGL/Raw/NV/OcclusionQuery.hs, dist/dist-sandbox-53ec95f6/build/Graphics/Rendering/OpenGL/Raw/NV/OcclusionQuery.o )
[ 86 of 223] Compiling Graphics.Rendering.OpenGL.Raw.NV.PrimitiveRestart ( src/Graphics/Rendering/OpenGL/Raw/NV/PrimitiveRestart.hs, dist/dist-sandbox-53ec95f6/build/Graphics/Rendering/OpenGL/Raw/NV/PrimitiveRestart.o )
[ 87 of 223] Compiling Graphics.Rendering.OpenGL.Raw.NV.FramebufferMultisampleCoverage ( src/Graphics/Rendering/OpenGL/Raw/NV/FramebufferMultisampleCoverage.hs, dist/dist-sandbox-53ec95f6/build/Graphics/Rendering/OpenGL/Raw/NV/FramebufferMultisampleCoverage.o )
[ 88 of 223] Compiling Graphics.Rendering.OpenGL.Raw.NV.PathRendering ( src/Graphics/Rendering/OpenGL/Raw/NV/PathRendering.hs, dist/dist-sandbox-53ec95f6/build/Graphics/Rendering/OpenGL/Raw/NV/PathRendering.o )
[ 89 of 223] Compiling Graphics.Rendering.OpenGL.Raw.ARB.Sync ( src/Graphics/Rendering/OpenGL/Raw/ARB/Sync.hs, dist/dist-sandbox-53ec95f6/build/Graphics/Rendering/OpenGL/Raw/ARB/Sync.o )
[ 90 of 223] Compiling Graphics.Rendering.OpenGL.Raw.Core32 ( src/Graphics/Rendering/OpenGL/Raw/Core32.hs, dist/dist-sandbox-53ec95f6/build/Graphics/Rendering/OpenGL/Raw/Core32.o )
[ 91 of 223] Compiling Graphics.Rendering.OpenGL.Raw.ARB.MapBufferRange ( src/Graphics/Rendering/OpenGL/Raw/ARB/MapBufferRange.hs, dist/dist-sandbox-53ec95f6/build/Graphics/Rendering/OpenGL/Raw/ARB/MapBufferRange.o )
[ 92 of 223] Compiling Graphics.Rendering.OpenGL.Raw.APPLE.FlushBufferRange ( src/Graphics/Rendering/OpenGL/Raw/APPLE/FlushBufferRange.hs, dist/dist-sandbox-53ec95f6/build/Graphics/Rendering/OpenGL/Raw/APPLE/FlushBufferRange.o )
[ 93 of 223] Compiling Graphics.Rendering.OpenGL.Raw.ARB.VertexArrayObject ( src/Graphics/Rendering/OpenGL/Raw/ARB/VertexArrayObject.hs, dist/dist-sandbox-53ec95f6/build/Graphics/Rendering/OpenGL/Raw/ARB/VertexArrayObject.o )
[ 94 of 223] Compiling Graphics.Rendering.OpenGL.Raw.APPLE.VertexArrayObject ( src/Graphics/Rendering/OpenGL/Raw/APPLE/VertexArrayObject.hs, dist/dist-sandbox-53ec95f6/build/Graphics/Rendering/OpenGL/Raw/APPLE/VertexArrayObject.o )
[ 95 of 223] Compiling Graphics.Rendering.OpenGL.Raw.APPLE ( src/Graphics/Rendering/OpenGL/Raw/APPLE.hs, dist/dist-sandbox-53ec95f6/build/Graphics/Rendering/OpenGL/Raw/APPLE.o )
[ 96 of 223] Compiling Graphics.Rendering.OpenGL.Raw.ARB.Multitexture ( src/Graphics/Rendering/OpenGL/Raw/ARB/Multitexture.hs, dist/dist-sandbox-53ec95f6/build/Graphics/Rendering/OpenGL/Raw/ARB/Multitexture.o )
[ 97 of 223] Compiling Graphics.Rendering.OpenGL.Raw.ARB.Multisample ( src/Graphics/Rendering/OpenGL/Raw/ARB/Multisample.hs, dist/dist-sandbox-53ec95f6/build/Graphics/Rendering/OpenGL/Raw/ARB/Multisample.o )
[ 98 of 223] Compiling Graphics.Rendering.OpenGL.Raw.ARB.TextureCubeMap ( src/Graphics/Rendering/OpenGL/Raw/ARB/TextureCubeMap.hs, dist/dist-sandbox-53ec95f6/build/Graphics/Rendering/OpenGL/Raw/ARB/TextureCubeMap.o )
[ 99 of 223] Compiling Graphics.Rendering.OpenGL.Raw.ARB.TextureCompression ( src/Graphics/Rendering/OpenGL/Raw/ARB/TextureCompression.hs, dist/dist-sandbox-53ec95f6/build/Graphics/Rendering/OpenGL/Raw/ARB/TextureCompression.o )
[100 of 223] Compiling Graphics.Rendering.OpenGL.Raw.ARB.TextureBorderClamp ( src/Graphics/Rendering/OpenGL/Raw/ARB/TextureBorderClamp.hs, dist/dist-sandbox-53ec95f6/build/Graphics/Rendering/OpenGL/Raw/ARB/TextureBorderClamp.o )
[101 of 223] Compiling Graphics.Rendering.OpenGL.Raw.ARB.PointParameters ( src/Graphics/Rendering/OpenGL/Raw/ARB/PointParameters.hs, dist/dist-sandbox-53ec95f6/build/Graphics/Rendering/OpenGL/Raw/ARB/PointParameters.o )
[102 of 223] Compiling Graphics.Rendering.OpenGL.Raw.ARB.VertexBlend ( src/Graphics/Rendering/OpenGL/Raw/ARB/VertexBlend.hs, dist/dist-sandbox-53ec95f6/build/Graphics/Rendering/OpenGL/Raw/ARB/VertexBlend.o )
[103 of 223] Compiling Graphics.Rendering.OpenGL.Raw.EXT.VertexWeighting ( src/Graphics/Rendering/OpenGL/Raw/EXT/VertexWeighting.hs, dist/dist-sandbox-53ec95f6/build/Graphics/Rendering/OpenGL/Raw/EXT/VertexWeighting.o )
[104 of 223] Compiling Graphics.Rendering.OpenGL.Raw.ARB.MatrixPalette ( src/Graphics/Rendering/OpenGL/Raw/ARB/MatrixPalette.hs, dist/dist-sandbox-53ec95f6/build/Graphics/Rendering/OpenGL/Raw/ARB/MatrixPalette.o )
[105 of 223] Compiling Graphics.Rendering.OpenGL.Raw.ARB.TextureEnvCombine ( src/Graphics/Rendering/OpenGL/Raw/ARB/TextureEnvCombine.hs, dist/dist-sandbox-53ec95f6/build/Graphics/Rendering/OpenGL/Raw/ARB/TextureEnvCombine.o )
[106 of 223] Compiling Graphics.Rendering.OpenGL.Raw.ARB.TextureEnvCrossbar ( src/Graphics/Rendering/OpenGL/Raw/ARB/TextureEnvCrossbar.hs, dist/dist-sandbox-53ec95f6/build/Graphics/Rendering/OpenGL/Raw/ARB/TextureEnvCrossbar.o )
[107 of 223] Compiling Graphics.Rendering.OpenGL.Raw.ARB.TextureMirroredRepeat ( src/Graphics/Rendering/OpenGL/Raw/ARB/TextureMirroredRepeat.hs, dist/dist-sandbox-53ec95f6/build/Graphics/Rendering/OpenGL/Raw/ARB/TextureMirroredRepeat.o )
[108 of 223] Compiling Graphics.Rendering.OpenGL.Raw.ARB.DepthTexture ( src/Graphics/Rendering/OpenGL/Raw/ARB/DepthTexture.hs, dist/dist-sandbox-53ec95f6/build/Graphics/Rendering/OpenGL/Raw/ARB/DepthTexture.o )
[109 of 223] Compiling Graphics.Rendering.OpenGL.Raw.ARB.Shadow ( src/Graphics/Rendering/OpenGL/Raw/ARB/Shadow.hs, dist/dist-sandbox-53ec95f6/build/Graphics/Rendering/OpenGL/Raw/ARB/Shadow.o )
[110 of 223] Compiling Graphics.Rendering.OpenGL.Raw.ARB.ShadowAmbient ( src/Graphics/Rendering/OpenGL/Raw/ARB/ShadowAmbient.hs, dist/dist-sandbox-53ec95f6/build/Graphics/Rendering/OpenGL/Raw/ARB/ShadowAmbient.o )
[111 of 223] Compiling Graphics.Rendering.OpenGL.Raw.ARB.VertexProgram ( src/Graphics/Rendering/OpenGL/Raw/ARB/VertexProgram.hs, dist/dist-sandbox-53ec95f6/build/Graphics/Rendering/OpenGL/Raw/ARB/VertexProgram.o )
[112 of 223] Compiling Graphics.Rendering.OpenGL.Raw.NV.VertexProgram ( src/Graphics/Rendering/OpenGL/Raw/NV/VertexProgram.hs, dist/dist-sandbox-53ec95f6/build/Graphics/Rendering/OpenGL/Raw/NV/VertexProgram.o )
[113 of 223] Compiling Graphics.Rendering.OpenGL.Raw.ARB.FragmentProgram ( src/Graphics/Rendering/OpenGL/Raw/ARB/FragmentProgram.hs, dist/dist-sandbox-53ec95f6/build/Graphics/Rendering/OpenGL/Raw/ARB/FragmentProgram.o )
[114 of 223] Compiling Graphics.Rendering.OpenGL.Raw.NV.FragmentProgram ( src/Graphics/Rendering/OpenGL/Raw/NV/FragmentProgram.hs, dist/dist-sandbox-53ec95f6/build/Graphics/Rendering/OpenGL/Raw/NV/FragmentProgram.o )
[115 of 223] Compiling Graphics.Rendering.OpenGL.Raw.ARB.VertexBufferObject ( src/Graphics/Rendering/OpenGL/Raw/ARB/VertexBufferObject.hs, dist/dist-sandbox-53ec95f6/build/Graphics/Rendering/OpenGL/Raw/ARB/VertexBufferObject.o )
[116 of 223] Compiling Graphics.Rendering.OpenGL.Raw.ARB.OcclusionQuery ( src/Graphics/Rendering/OpenGL/Raw/ARB/OcclusionQuery.hs, dist/dist-sandbox-53ec95f6/build/Graphics/Rendering/OpenGL/Raw/ARB/OcclusionQuery.o )
[117 of 223] Compiling Graphics.Rendering.OpenGL.Raw.ARB.ShaderObjects ( src/Graphics/Rendering/OpenGL/Raw/ARB/ShaderObjects.hs, dist/dist-sandbox-53ec95f6/build/Graphics/Rendering/OpenGL/Raw/ARB/ShaderObjects.o )
[118 of 223] Compiling Graphics.Rendering.OpenGL.Raw.ARB.VertexShader ( src/Graphics/Rendering/OpenGL/Raw/ARB/VertexShader.hs, dist/dist-sandbox-53ec95f6/build/Graphics/Rendering/OpenGL/Raw/ARB/VertexShader.o )
[119 of 223] Compiling Graphics.Rendering.OpenGL.Raw.NV.VertexProgram3 ( src/Graphics/Rendering/OpenGL/Raw/NV/VertexProgram3.hs, dist/dist-sandbox-53ec95f6/build/Graphics/Rendering/OpenGL/Raw/NV/VertexProgram3.o )
[120 of 223] Compiling Graphics.Rendering.OpenGL.Raw.ARB.FragmentShader ( src/Graphics/Rendering/OpenGL/Raw/ARB/FragmentShader.hs, dist/dist-sandbox-53ec95f6/build/Graphics/Rendering/OpenGL/Raw/ARB/FragmentShader.o )
[121 of 223] Compiling Graphics.Rendering.OpenGL.Raw.ARB.ShadingLanguage100 ( src/Graphics/Rendering/OpenGL/Raw/ARB/ShadingLanguage100.hs, dist/dist-sandbox-53ec95f6/build/Graphics/Rendering/OpenGL/Raw/ARB/ShadingLanguage100.o )
[122 of 223] Compiling Graphics.Rendering.OpenGL.Raw.ARB.DrawBuffers ( src/Graphics/Rendering/OpenGL/Raw/ARB/DrawBuffers.hs, dist/dist-sandbox-53ec95f6/build/Graphics/Rendering/OpenGL/Raw/ARB/DrawBuffers.o )
[123 of 223] Compiling Graphics.Rendering.OpenGL.Raw.ARB.ColorBufferFloat ( src/Graphics/Rendering/OpenGL/Raw/ARB/ColorBufferFloat.hs, dist/dist-sandbox-53ec95f6/build/Graphics/Rendering/OpenGL/Raw/ARB/ColorBufferFloat.o )
[124 of 223] Compiling Graphics.Rendering.OpenGL.Raw.ARB.HalfFloatPixel ( src/Graphics/Rendering/OpenGL/Raw/ARB/HalfFloatPixel.hs, dist/dist-sandbox-53ec95f6/build/Graphics/Rendering/OpenGL/Raw/ARB/HalfFloatPixel.o )
[125 of 223] Compiling Graphics.Rendering.OpenGL.Raw.ARB.TextureFloat ( src/Graphics/Rendering/OpenGL/Raw/ARB/TextureFloat.hs, dist/dist-sandbox-53ec95f6/build/Graphics/Rendering/OpenGL/Raw/ARB/TextureFloat.o )
[126 of 223] Compiling Graphics.Rendering.OpenGL.Raw.ARB.PixelBufferObject ( src/Graphics/Rendering/OpenGL/Raw/ARB/PixelBufferObject.hs, dist/dist-sandbox-53ec95f6/build/Graphics/Rendering/OpenGL/Raw/ARB/PixelBufferObject.o )
[127 of 223] Compiling Graphics.Rendering.OpenGL.Raw.ARB.DepthBufferFloat ( src/Graphics/Rendering/OpenGL/Raw/ARB/DepthBufferFloat.hs, dist/dist-sandbox-53ec95f6/build/Graphics/Rendering/OpenGL/Raw/ARB/DepthBufferFloat.o )
[128 of 223] Compiling Graphics.Rendering.OpenGL.Raw.ARB.FramebufferSRGB ( src/Graphics/Rendering/OpenGL/Raw/ARB/FramebufferSRGB.hs, dist/dist-sandbox-53ec95f6/build/Graphics/Rendering/OpenGL/Raw/ARB/FramebufferSRGB.o )
[129 of 223] Compiling Graphics.Rendering.OpenGL.Raw.ARB.HalfFloatVertex ( src/Graphics/Rendering/OpenGL/Raw/ARB/HalfFloatVertex.hs, dist/dist-sandbox-53ec95f6/build/Graphics/Rendering/OpenGL/Raw/ARB/HalfFloatVertex.o )
[130 of 223] Compiling Graphics.Rendering.OpenGL.Raw.ARB.InstancedArrays ( src/Graphics/Rendering/OpenGL/Raw/ARB/InstancedArrays.hs, dist/dist-sandbox-53ec95f6/build/Graphics/Rendering/OpenGL/Raw/ARB/InstancedArrays.o )
[131 of 223] Compiling Graphics.Rendering.OpenGL.Raw.ARB.TextureCompressionRGTC ( src/Graphics/Rendering/OpenGL/Raw/ARB/TextureCompressionRGTC.hs, dist/dist-sandbox-53ec95f6/build/Graphics/Rendering/OpenGL/Raw/ARB/TextureCompressionRGTC.o )
[132 of 223] Compiling Graphics.Rendering.OpenGL.Raw.ARB.TextureRG ( src/Graphics/Rendering/OpenGL/Raw/ARB/TextureRG.hs, dist/dist-sandbox-53ec95f6/build/Graphics/Rendering/OpenGL/Raw/ARB/TextureRG.o )
[133 of 223] Compiling Graphics.Rendering.OpenGL.Raw.ARB.DrawBuffersBlend ( src/Graphics/Rendering/OpenGL/Raw/ARB/DrawBuffersBlend.hs, dist/dist-sandbox-53ec95f6/build/Graphics/Rendering/OpenGL/Raw/ARB/DrawBuffersBlend.o )
[134 of 223] Compiling Graphics.Rendering.OpenGL.Raw.ARB.SampleShading ( src/Graphics/Rendering/OpenGL/Raw/ARB/SampleShading.hs, dist/dist-sandbox-53ec95f6/build/Graphics/Rendering/OpenGL/Raw/ARB/SampleShading.o )
[135 of 223] Compiling Graphics.Rendering.OpenGL.Raw.ARB.TextureCubeMapArray ( src/Graphics/Rendering/OpenGL/Raw/ARB/TextureCubeMapArray.hs, dist/dist-sandbox-53ec95f6/build/Graphics/Rendering/OpenGL/Raw/ARB/TextureCubeMapArray.o )
[136 of 223] Compiling Graphics.Rendering.OpenGL.Raw.ARB.TextureGather ( src/Graphics/Rendering/OpenGL/Raw/ARB/TextureGather.hs, dist/dist-sandbox-53ec95f6/build/Graphics/Rendering/OpenGL/Raw/ARB/TextureGather.o )
[137 of 223] Compiling Graphics.Rendering.OpenGL.Raw.ARB.TimerQuery ( src/Graphics/Rendering/OpenGL/Raw/ARB/TimerQuery.hs, dist/dist-sandbox-53ec95f6/build/Graphics/Rendering/OpenGL/Raw/ARB/TimerQuery.o )
[138 of 223] Compiling Graphics.Rendering.OpenGL.Raw.EXT.ABGR ( src/Graphics/Rendering/OpenGL/Raw/EXT/ABGR.hs, dist/dist-sandbox-53ec95f6/build/Graphics/Rendering/OpenGL/Raw/EXT/ABGR.o )
[139 of 223] Compiling Graphics.Rendering.OpenGL.Raw.EXT.BlendColor ( src/Graphics/Rendering/OpenGL/Raw/EXT/BlendColor.hs, dist/dist-sandbox-53ec95f6/build/Graphics/Rendering/OpenGL/Raw/EXT/BlendColor.o )
[140 of 223] Compiling Graphics.Rendering.OpenGL.Raw.EXT.PolygonOffset ( src/Graphics/Rendering/OpenGL/Raw/EXT/PolygonOffset.hs, dist/dist-sandbox-53ec95f6/build/Graphics/Rendering/OpenGL/Raw/EXT/PolygonOffset.o )
[141 of 223] Compiling Graphics.Rendering.OpenGL.Raw.EXT.Texture ( src/Graphics/Rendering/OpenGL/Raw/EXT/Texture.hs, dist/dist-sandbox-53ec95f6/build/Graphics/Rendering/OpenGL/Raw/EXT/Texture.o )
[142 of 223] Compiling Graphics.Rendering.OpenGL.Raw.EXT.Texture3D ( src/Graphics/Rendering/OpenGL/Raw/EXT/Texture3D.hs, dist/dist-sandbox-53ec95f6/build/Graphics/Rendering/OpenGL/Raw/EXT/Texture3D.o )
[143 of 223] Compiling Graphics.Rendering.OpenGL.Raw.EXT.Subtexture ( src/Graphics/Rendering/OpenGL/Raw/EXT/Subtexture.hs, dist/dist-sandbox-53ec95f6/build/Graphics/Rendering/OpenGL/Raw/EXT/Subtexture.o )
[144 of 223] Compiling Graphics.Rendering.OpenGL.Raw.EXT.CopyTexture ( src/Graphics/Rendering/OpenGL/Raw/EXT/CopyTexture.hs, dist/dist-sandbox-53ec95f6/build/Graphics/Rendering/OpenGL/Raw/EXT/CopyTexture.o )
[145 of 223] Compiling Graphics.Rendering.OpenGL.Raw.EXT.CMYKA ( src/Graphics/Rendering/OpenGL/Raw/EXT/CMYKA.hs, dist/dist-sandbox-53ec95f6/build/Graphics/Rendering/OpenGL/Raw/EXT/CMYKA.o )
[146 of 223] Compiling Graphics.Rendering.OpenGL.Raw.EXT.TextureObject ( src/Graphics/Rendering/OpenGL/Raw/EXT/TextureObject.hs, dist/dist-sandbox-53ec95f6/build/Graphics/Rendering/OpenGL/Raw/EXT/TextureObject.o )
[147 of 223] Compiling Graphics.Rendering.OpenGL.Raw.EXT.PackedPixels ( src/Graphics/Rendering/OpenGL/Raw/EXT/PackedPixels.hs, dist/dist-sandbox-53ec95f6/build/Graphics/Rendering/OpenGL/Raw/EXT/PackedPixels.o )
[148 of 223] Compiling Graphics.Rendering.OpenGL.Raw.EXT.VertexArray ( src/Graphics/Rendering/OpenGL/Raw/EXT/VertexArray.hs, dist/dist-sandbox-53ec95f6/build/Graphics/Rendering/OpenGL/Raw/EXT/VertexArray.o )
[149 of 223] Compiling Graphics.Rendering.OpenGL.Raw.EXT.BlendMinmax ( src/Graphics/Rendering/OpenGL/Raw/EXT/BlendMinmax.hs, dist/dist-sandbox-53ec95f6/build/Graphics/Rendering/OpenGL/Raw/EXT/BlendMinmax.o )
[150 of 223] Compiling Graphics.Rendering.OpenGL.Raw.EXT.BlendSubtract ( src/Graphics/Rendering/OpenGL/Raw/EXT/BlendSubtract.hs, dist/dist-sandbox-53ec95f6/build/Graphics/Rendering/OpenGL/Raw/EXT/BlendSubtract.o )
[151 of 223] Compiling Graphics.Rendering.OpenGL.Raw.EXT.PointParameters ( src/Graphics/Rendering/OpenGL/Raw/EXT/PointParameters.hs, dist/dist-sandbox-53ec95f6/build/Graphics/Rendering/OpenGL/Raw/EXT/PointParameters.o )
[152 of 223] Compiling Graphics.Rendering.OpenGL.Raw.EXT.PalettedTexture ( src/Graphics/Rendering/OpenGL/Raw/EXT/PalettedTexture.hs, dist/dist-sandbox-53ec95f6/build/Graphics/Rendering/OpenGL/Raw/EXT/PalettedTexture.o )
[153 of 223] Compiling Graphics.Rendering.OpenGL.Raw.EXT.ClipVolumeHint ( src/Graphics/Rendering/OpenGL/Raw/EXT/ClipVolumeHint.hs, dist/dist-sandbox-53ec95f6/build/Graphics/Rendering/OpenGL/Raw/EXT/ClipVolumeHint.o )
[154 of 223] Compiling Graphics.Rendering.OpenGL.Raw.EXT.IndexFunc ( src/Graphics/Rendering/OpenGL/Raw/EXT/IndexFunc.hs, dist/dist-sandbox-53ec95f6/build/Graphics/Rendering/OpenGL/Raw/EXT/IndexFunc.o )
[155 of 223] Compiling Graphics.Rendering.OpenGL.Raw.EXT.IndexArrayFormats ( src/Graphics/Rendering/OpenGL/Raw/EXT/IndexArrayFormats.hs, dist/dist-sandbox-53ec95f6/build/Graphics/Rendering/OpenGL/Raw/EXT/IndexArrayFormats.o )
[156 of 223] Compiling Graphics.Rendering.OpenGL.Raw.EXT.CompiledVertexArray ( src/Graphics/Rendering/OpenGL/Raw/EXT/CompiledVertexArray.hs, dist/dist-sandbox-53ec95f6/build/Graphics/Rendering/OpenGL/Raw/EXT/CompiledVertexArray.o )
[157 of 223] Compiling Graphics.Rendering.OpenGL.Raw.EXT.CullVertex ( src/Graphics/Rendering/OpenGL/Raw/EXT/CullVertex.hs, dist/dist-sandbox-53ec95f6/build/Graphics/Rendering/OpenGL/Raw/EXT/CullVertex.o )
[158 of 223] Compiling Graphics.Rendering.OpenGL.Raw.EXT.FragmentLighting ( src/Graphics/Rendering/OpenGL/Raw/EXT/FragmentLighting.hs, dist/dist-sandbox-53ec95f6/build/Graphics/Rendering/OpenGL/Raw/EXT/FragmentLighting.o )
[159 of 223] Compiling Graphics.Rendering.OpenGL.Raw.EXT.DrawRangeElements ( src/Graphics/Rendering/OpenGL/Raw/EXT/DrawRangeElements.hs, dist/dist-sandbox-53ec95f6/build/Graphics/Rendering/OpenGL/Raw/EXT/DrawRangeElements.o )
[160 of 223] Compiling Graphics.Rendering.OpenGL.Raw.EXT.LightTexture ( src/Graphics/Rendering/OpenGL/Raw/EXT/LightTexture.hs, dist/dist-sandbox-53ec95f6/build/Graphics/Rendering/OpenGL/Raw/EXT/LightTexture.o )
[161 of 223] Compiling Graphics.Rendering.OpenGL.Raw.EXT.BGRA ( src/Graphics/Rendering/OpenGL/Raw/EXT/BGRA.hs, dist/dist-sandbox-53ec95f6/build/Graphics/Rendering/OpenGL/Raw/EXT/BGRA.o )
[162 of 223] Compiling Graphics.Rendering.OpenGL.Raw.EXT.PixelTransform ( src/Graphics/Rendering/OpenGL/Raw/EXT/PixelTransform.hs, dist/dist-sandbox-53ec95f6/build/Graphics/Rendering/OpenGL/Raw/EXT/PixelTransform.o )
[163 of 223] Compiling Graphics.Rendering.OpenGL.Raw.EXT.SharedTexturePalette ( src/Graphics/Rendering/OpenGL/Raw/EXT/SharedTexturePalette.hs, dist/dist-sandbox-53ec95f6/build/Graphics/Rendering/OpenGL/Raw/EXT/SharedTexturePalette.o )
[164 of 223] Compiling Graphics.Rendering.OpenGL.Raw.EXT.MultiDrawArrays ( src/Graphics/Rendering/OpenGL/Raw/EXT/MultiDrawArrays.hs, dist/dist-sandbox-53ec95f6/build/Graphics/Rendering/OpenGL/Raw/EXT/MultiDrawArrays.o )
[165 of 223] Compiling Graphics.Rendering.OpenGL.Raw.EXT.BlendFuncSeparate ( src/Graphics/Rendering/OpenGL/Raw/EXT/BlendFuncSeparate.hs, dist/dist-sandbox-53ec95f6/build/Graphics/Rendering/OpenGL/Raw/EXT/BlendFuncSeparate.o )
[166 of 223] Compiling Graphics.Rendering.OpenGL.Raw.EXT.StencilWrap ( src/Graphics/Rendering/OpenGL/Raw/EXT/StencilWrap.hs, dist/dist-sandbox-53ec95f6/build/Graphics/Rendering/OpenGL/Raw/EXT/StencilWrap.o )
[167 of 223] Compiling Graphics.Rendering.OpenGL.Raw.EXT.FourTwoTwoPixels ( src/Graphics/Rendering/OpenGL/Raw/EXT/FourTwoTwoPixels.hs, dist/dist-sandbox-53ec95f6/build/Graphics/Rendering/OpenGL/Raw/EXT/FourTwoTwoPixels.o )
[168 of 223] Compiling Graphics.Rendering.OpenGL.Raw.EXT.TextureLODBias ( src/Graphics/Rendering/OpenGL/Raw/EXT/TextureLODBias.hs, dist/dist-sandbox-53ec95f6/build/Graphics/Rendering/OpenGL/Raw/EXT/TextureLODBias.o )
[169 of 223] Compiling Graphics.Rendering.OpenGL.Raw.EXT.TextureFilterAnisotropic ( src/Graphics/Rendering/OpenGL/Raw/EXT/TextureFilterAnisotropic.hs, dist/dist-sandbox-53ec95f6/build/Graphics/Rendering/OpenGL/Raw/EXT/TextureFilterAnisotropic.o )
[170 of 223] Compiling Graphics.Rendering.OpenGL.Raw.EXT.TextureCompressionS3TC ( src/Graphics/Rendering/OpenGL/Raw/EXT/TextureCompressionS3TC.hs, dist/dist-sandbox-53ec95f6/build/Graphics/Rendering/OpenGL/Raw/EXT/TextureCompressionS3TC.o )
[171 of 223] Compiling Graphics.Rendering.OpenGL.Raw.EXT.TextureCompressionDXT1 ( src/Graphics/Rendering/OpenGL/Raw/EXT/TextureCompressionDXT1.hs, dist/dist-sandbox-53ec95f6/build/Graphics/Rendering/OpenGL/Raw/EXT/TextureCompressionDXT1.o )
[172 of 223] Compiling Graphics.Rendering.OpenGL.Raw.NV.TextureCompressionVTC ( src/Graphics/Rendering/OpenGL/Raw/NV/TextureCompressionVTC.hs, dist/dist-sandbox-53ec95f6/build/Graphics/Rendering/OpenGL/Raw/NV/TextureCompressionVTC.o )
[173 of 223] Compiling Graphics.Rendering.OpenGL.Raw.EXT.Multisample ( src/Graphics/Rendering/OpenGL/Raw/EXT/Multisample.hs, dist/dist-sandbox-53ec95f6/build/Graphics/Rendering/OpenGL/Raw/EXT/Multisample.o )
[174 of 223] Compiling Graphics.Rendering.OpenGL.Raw.EXT.VertexShader ( src/Graphics/Rendering/OpenGL/Raw/EXT/VertexShader.hs, dist/dist-sandbox-53ec95f6/build/Graphics/Rendering/OpenGL/Raw/EXT/VertexShader.o )
[175 of 223] Compiling Graphics.Rendering.OpenGL.Raw.EXT.TextureMirrorClamp ( src/Graphics/Rendering/OpenGL/Raw/EXT/TextureMirrorClamp.hs, dist/dist-sandbox-53ec95f6/build/Graphics/Rendering/OpenGL/Raw/EXT/TextureMirrorClamp.o )
[176 of 223] Compiling Graphics.Rendering.OpenGL.Raw.EXT.BlendEquationSeparate ( src/Graphics/Rendering/OpenGL/Raw/EXT/BlendEquationSeparate.hs, dist/dist-sandbox-53ec95f6/build/Graphics/Rendering/OpenGL/Raw/EXT/BlendEquationSeparate.o )
[177 of 223] Compiling Graphics.Rendering.OpenGL.Raw.EXT.FramebufferObject ( src/Graphics/Rendering/OpenGL/Raw/EXT/FramebufferObject.hs, dist/dist-sandbox-53ec95f6/build/Graphics/Rendering/OpenGL/Raw/EXT/FramebufferObject.o )
[178 of 223] Compiling Graphics.Rendering.OpenGL.Raw.EXT.TextureSRGB ( src/Graphics/Rendering/OpenGL/Raw/EXT/TextureSRGB.hs, dist/dist-sandbox-53ec95f6/build/Graphics/Rendering/OpenGL/Raw/EXT/TextureSRGB.o )
[179 of 223] Compiling Graphics.Rendering.OpenGL.Raw.EXT.FramebufferBlit ( src/Graphics/Rendering/OpenGL/Raw/EXT/FramebufferBlit.hs, dist/dist-sandbox-53ec95f6/build/Graphics/Rendering/OpenGL/Raw/EXT/FramebufferBlit.o )
[180 of 223] Compiling Graphics.Rendering.OpenGL.Raw.EXT.FramebufferMultisample ( src/Graphics/Rendering/OpenGL/Raw/EXT/FramebufferMultisample.hs, dist/dist-sandbox-53ec95f6/build/Graphics/Rendering/OpenGL/Raw/EXT/FramebufferMultisample.o )
[181 of 223] Compiling Graphics.Rendering.OpenGL.Raw.EXT.GPUShader4 ( src/Graphics/Rendering/OpenGL/Raw/EXT/GPUShader4.hs, dist/dist-sandbox-53ec95f6/build/Graphics/Rendering/OpenGL/Raw/EXT/GPUShader4.o )
[182 of 223] Compiling Graphics.Rendering.OpenGL.Raw.EXT.PackedFloat ( src/Graphics/Rendering/OpenGL/Raw/EXT/PackedFloat.hs, dist/dist-sandbox-53ec95f6/build/Graphics/Rendering/OpenGL/Raw/EXT/PackedFloat.o )
[183 of 223] Compiling Graphics.Rendering.OpenGL.Raw.EXT.TextureArray ( src/Graphics/Rendering/OpenGL/Raw/EXT/TextureArray.hs, dist/dist-sandbox-53ec95f6/build/Graphics/Rendering/OpenGL/Raw/EXT/TextureArray.o )
[184 of 223] Compiling Graphics.Rendering.OpenGL.Raw.EXT.TextureCompressionLATC ( src/Graphics/Rendering/OpenGL/Raw/EXT/TextureCompressionLATC.hs, dist/dist-sandbox-53ec95f6/build/Graphics/Rendering/OpenGL/Raw/EXT/TextureCompressionLATC.o )
[185 of 223] Compiling Graphics.Rendering.OpenGL.Raw.EXT.TextureCompressionRGTC ( src/Graphics/Rendering/OpenGL/Raw/EXT/TextureCompressionRGTC.hs, dist/dist-sandbox-53ec95f6/build/Graphics/Rendering/OpenGL/Raw/EXT/TextureCompressionRGTC.o )
[186 of 223] Compiling Graphics.Rendering.OpenGL.Raw.EXT.FramebufferSRGB ( src/Graphics/Rendering/OpenGL/Raw/EXT/FramebufferSRGB.hs, dist/dist-sandbox-53ec95f6/build/Graphics/Rendering/OpenGL/Raw/EXT/FramebufferSRGB.o )
[187 of 223] Compiling Graphics.Rendering.OpenGL.Raw.NV.LightMaxExponent ( src/Graphics/Rendering/OpenGL/Raw/NV/LightMaxExponent.hs, dist/dist-sandbox-53ec95f6/build/Graphics/Rendering/OpenGL/Raw/NV/LightMaxExponent.o )
[188 of 223] Compiling Graphics.Rendering.OpenGL.Raw.NV.FogDistance ( src/Graphics/Rendering/OpenGL/Raw/NV/FogDistance.hs, dist/dist-sandbox-53ec95f6/build/Graphics/Rendering/OpenGL/Raw/NV/FogDistance.o )
[189 of 223] Compiling Graphics.Rendering.OpenGL.Raw.NV.TexgenEmboss ( src/Graphics/Rendering/OpenGL/Raw/NV/TexgenEmboss.hs, dist/dist-sandbox-53ec95f6/build/Graphics/Rendering/OpenGL/Raw/NV/TexgenEmboss.o )
[190 of 223] Compiling Graphics.Rendering.OpenGL.Raw.NV.TextureEnvCombine4 ( src/Graphics/Rendering/OpenGL/Raw/NV/TextureEnvCombine4.hs, dist/dist-sandbox-53ec95f6/build/Graphics/Rendering/OpenGL/Raw/NV/TextureEnvCombine4.o )
[191 of 223] Compiling Graphics.Rendering.OpenGL.Raw.NV.PackedDepthStencil ( src/Graphics/Rendering/OpenGL/Raw/NV/PackedDepthStencil.hs, dist/dist-sandbox-53ec95f6/build/Graphics/Rendering/OpenGL/Raw/NV/PackedDepthStencil.o )
[192 of 223] Compiling Graphics.Rendering.OpenGL.Raw.NV.TextureRectangle ( src/Graphics/Rendering/OpenGL/Raw/NV/TextureRectangle.hs, dist/dist-sandbox-53ec95f6/build/Graphics/Rendering/OpenGL/Raw/NV/TextureRectangle.o )
[193 of 223] Compiling Graphics.Rendering.OpenGL.Raw.NV.TextureShader ( src/Graphics/Rendering/OpenGL/Raw/NV/TextureShader.hs, dist/dist-sandbox-53ec95f6/build/Graphics/Rendering/OpenGL/Raw/NV/TextureShader.o )
[194 of 223] Compiling Graphics.Rendering.OpenGL.Raw.NV.TextureShader2 ( src/Graphics/Rendering/OpenGL/Raw/NV/TextureShader2.hs, dist/dist-sandbox-53ec95f6/build/Graphics/Rendering/OpenGL/Raw/NV/TextureShader2.o )
[195 of 223] Compiling Graphics.Rendering.OpenGL.Raw.NV.VertexArrayRange2 ( src/Graphics/Rendering/OpenGL/Raw/NV/VertexArrayRange2.hs, dist/dist-sandbox-53ec95f6/build/Graphics/Rendering/OpenGL/Raw/NV/VertexArrayRange2.o )
[196 of 223] Compiling Graphics.Rendering.OpenGL.Raw.NV.CopyDepthToColor ( src/Graphics/Rendering/OpenGL/Raw/NV/CopyDepthToColor.hs, dist/dist-sandbox-53ec95f6/build/Graphics/Rendering/OpenGL/Raw/NV/CopyDepthToColor.o )
[197 of 223] Compiling Graphics.Rendering.OpenGL.Raw.NV.MultisampleFilterHint ( src/Graphics/Rendering/OpenGL/Raw/NV/MultisampleFilterHint.hs, dist/dist-sandbox-53ec95f6/build/Graphics/Rendering/OpenGL/Raw/NV/MultisampleFilterHint.o )
[198 of 223] Compiling Graphics.Rendering.OpenGL.Raw.NV.PointSprite ( src/Graphics/Rendering/OpenGL/Raw/NV/PointSprite.hs, dist/dist-sandbox-53ec95f6/build/Graphics/Rendering/OpenGL/Raw/NV/PointSprite.o )
[199 of 223] Compiling Graphics.Rendering.OpenGL.Raw.NV.TextureShader3 ( src/Graphics/Rendering/OpenGL/Raw/NV/TextureShader3.hs, dist/dist-sandbox-53ec95f6/build/Graphics/Rendering/OpenGL/Raw/NV/TextureShader3.o )
[200 of 223] Compiling Graphics.Rendering.OpenGL.Raw.NV.FloatBuffer ( src/Graphics/Rendering/OpenGL/Raw/NV/FloatBuffer.hs, dist/dist-sandbox-53ec95f6/build/Graphics/Rendering/OpenGL/Raw/NV/FloatBuffer.o )
[201 of 223] Compiling Graphics.Rendering.OpenGL.Raw.NV.HalfFloat ( src/Graphics/Rendering/OpenGL/Raw/NV/HalfFloat.hs, dist/dist-sandbox-53ec95f6/build/Graphics/Rendering/OpenGL/Raw/NV/HalfFloat.o )
[202 of 223] Compiling Graphics.Rendering.OpenGL.Raw.NV.PixelDataRange ( src/Graphics/Rendering/OpenGL/Raw/NV/PixelDataRange.hs, dist/dist-sandbox-53ec95f6/build/Graphics/Rendering/OpenGL/Raw/NV/PixelDataRange.o )
[203 of 223] Compiling Graphics.Rendering.OpenGL.Raw.NV.TextureExpandNormal ( src/Graphics/Rendering/OpenGL/Raw/NV/TextureExpandNormal.hs, dist/dist-sandbox-53ec95f6/build/Graphics/Rendering/OpenGL/Raw/NV/TextureExpandNormal.o )
[204 of 223] Compiling Graphics.Rendering.OpenGL.Raw.NV.FragmentProgram2 ( src/Graphics/Rendering/OpenGL/Raw/NV/FragmentProgram2.hs, dist/dist-sandbox-53ec95f6/build/Graphics/Rendering/OpenGL/Raw/NV/FragmentProgram2.o )
[205 of 223] Compiling Graphics.Rendering.OpenGL.Raw.NV.VertexProgram2Option ( src/Graphics/Rendering/OpenGL/Raw/NV/VertexProgram2Option.hs, dist/dist-sandbox-53ec95f6/build/Graphics/Rendering/OpenGL/Raw/NV/VertexProgram2Option.o )
[206 of 223] Compiling Graphics.Rendering.OpenGL.Raw.NV.GPUProgram4 ( src/Graphics/Rendering/OpenGL/Raw/NV/GPUProgram4.hs, dist/dist-sandbox-53ec95f6/build/Graphics/Rendering/OpenGL/Raw/NV/GPUProgram4.o )
[207 of 223] Compiling Graphics.Rendering.OpenGL.Raw.NV.GeometryProgram4 ( src/Graphics/Rendering/OpenGL/Raw/NV/GeometryProgram4.hs, dist/dist-sandbox-53ec95f6/build/Graphics/Rendering/OpenGL/Raw/NV/GeometryProgram4.o )
[208 of 223] Compiling Graphics.Rendering.OpenGL.Raw.NV.VertexProgram4 ( src/Graphics/Rendering/OpenGL/Raw/NV/VertexProgram4.hs, dist/dist-sandbox-53ec95f6/build/Graphics/Rendering/OpenGL/Raw/NV/VertexProgram4.o )
[209 of 223] Compiling Graphics.Rendering.OpenGL.Raw.NV.DepthBufferFloat ( src/Graphics/Rendering/OpenGL/Raw/NV/DepthBufferFloat.hs, dist/dist-sandbox-53ec95f6/build/Graphics/Rendering/OpenGL/Raw/NV/DepthBufferFloat.o )
[210 of 223] Compiling Graphics.Rendering.OpenGL.Raw.NV.ConditionalRender ( src/Graphics/Rendering/OpenGL/Raw/NV/ConditionalRender.hs, dist/dist-sandbox-53ec95f6/build/Graphics/Rendering/OpenGL/Raw/NV/ConditionalRender.o )
[211 of 223] Compiling Graphics.Rendering.OpenGL.Raw.NV.PresentVideo ( src/Graphics/Rendering/OpenGL/Raw/NV/PresentVideo.hs, dist/dist-sandbox-53ec95f6/build/Graphics/Rendering/OpenGL/Raw/NV/PresentVideo.o )
[212 of 223] Compiling Graphics.Rendering.OpenGL.Raw.ARB.FramebufferNoAttachments ( src/Graphics/Rendering/OpenGL/Raw/ARB/FramebufferNoAttachments.hs, dist/dist-sandbox-53ec95f6/build/Graphics/Rendering/OpenGL/Raw/ARB/FramebufferNoAttachments.o )
[213 of 223] Compiling Graphics.Rendering.OpenGL.Raw.ARB ( src/Graphics/Rendering/OpenGL/Raw/ARB.hs, dist/dist-sandbox-53ec95f6/build/Graphics/Rendering/OpenGL/Raw/ARB.o )
[214 of 223] Compiling Graphics.Rendering.OpenGL.Raw.EXT.DirectStateAccess ( src/Graphics/Rendering/OpenGL/Raw/EXT/DirectStateAccess.hs, dist/dist-sandbox-53ec95f6/build/Graphics/Rendering/OpenGL/Raw/EXT/DirectStateAccess.o )
[215 of 223] Compiling Graphics.Rendering.OpenGL.Raw.EXT.DrawBuffers2 ( src/Graphics/Rendering/OpenGL/Raw/EXT/DrawBuffers2.hs, dist/dist-sandbox-53ec95f6/build/Graphics/Rendering/OpenGL/Raw/EXT/DrawBuffers2.o )
[216 of 223] Compiling Graphics.Rendering.OpenGL.Raw.NV.ParameterBufferObject ( src/Graphics/Rendering/OpenGL/Raw/NV/ParameterBufferObject.hs, dist/dist-sandbox-53ec95f6/build/Graphics/Rendering/OpenGL/Raw/NV/ParameterBufferObject.o )
[217 of 223] Compiling Graphics.Rendering.OpenGL.Raw.EXT.TransformFeedback ( src/Graphics/Rendering/OpenGL/Raw/EXT/TransformFeedback.hs, dist/dist-sandbox-53ec95f6/build/Graphics/Rendering/OpenGL/Raw/EXT/TransformFeedback.o )
[218 of 223] Compiling Graphics.Rendering.OpenGL.Raw.NV.TransformFeedback ( src/Graphics/Rendering/OpenGL/Raw/NV/TransformFeedback.hs, dist/dist-sandbox-53ec95f6/build/Graphics/Rendering/OpenGL/Raw/NV/TransformFeedback.o )
[219 of 223] Compiling Graphics.Rendering.OpenGL.Raw.NV.ExplicitMultisample ( src/Graphics/Rendering/OpenGL/Raw/NV/ExplicitMultisample.hs, dist/dist-sandbox-53ec95f6/build/Graphics/Rendering/OpenGL/Raw/NV/ExplicitMultisample.o )
[220 of 223] Compiling Graphics.Rendering.OpenGL.Raw.NV ( src/Graphics/Rendering/OpenGL/Raw/NV.hs, dist/dist-sandbox-53ec95f6/build/Graphics/Rendering/OpenGL/Raw/NV.o )
[221 of 223] Compiling Graphics.Rendering.OpenGL.Raw.EXT.TimerQuery ( src/Graphics/Rendering/OpenGL/Raw/EXT/TimerQuery.hs, dist/dist-sandbox-53ec95f6/build/Graphics/Rendering/OpenGL/Raw/EXT/TimerQuery.o )
[222 of 223] Compiling Graphics.Rendering.OpenGL.Raw.EXT ( src/Graphics/Rendering/OpenGL/Raw/EXT.hs, dist/dist-sandbox-53ec95f6/build/Graphics/Rendering/OpenGL/Raw/EXT.o )
[223 of 223] Compiling Graphics.Rendering.OpenGL.Raw ( src/Graphics/Rendering/OpenGL/Raw.hs, dist/dist-sandbox-53ec95f6/build/Graphics/Rendering/OpenGL/Raw.o )

cbits/HsOpenGLRaw.c:122:43:
     warning: passing 'const char *' to parameter of type 'const GLubyte *' (aka 'const unsigned char *') converts between pointers to integer types with different sign [-Wpointer-sign]
        return ((PFNGLXGETPROCADDRESSARB)gpa)(name);
                                              ^~~~
1 warning generated.

cbits/HsOpenGLRaw.c:122:43:
     warning: passing 'const char *' to parameter of type 'const GLubyte *' (aka 'const unsigned char *') converts between pointers to integer types with different sign [-Wpointer-sign]
        return ((PFNGLXGETPROCADDRESSARB)gpa)(name);
                                              ^~~~
1 warning generated.
In-place registering OpenGLRaw-1.5.0.1...
Creating package registration file:
/var/folders/dk/nl6w7czd72lbgkn6vqdybch40000gn/T/pkgConf-OpenGLRaw-1.5.037837.1
Installing library in
/Users/louis/projects/mazes/.cabal-sandbox/lib/x86_64-osx-ghc-7.8.3/OpenGLRaw-1.5.0.1
Registering OpenGLRaw-1.5.0.1...
